Handling lib "pppos"...
Handling lib "zz_boards"...
Handling lib "demo-bundle"...
Handling lib "core"...
zz_boards: Checking out master...
core: Checking out master...
pppos: Checking out master...
demo-bundle: Checking out master...
zz_boards: Done, hash 897a76f9b7306751dea4596f38df4486548ae2da
core: Done, hash 90f56f1e361c7d25ef8c2e3b9a83ef0369760f2e
demo-bundle: Done, hash 1e22c49075afa299a9fb560db59b7d87875163ed
pppos: Done, hash 7e769156a2b14adbdd294371a119575a3cdfede3
zz_boards: Hash unchanged at 897a76f9b7306751dea4596f38df4486548ae2da (dir "/Users/baileyblankenship/Documents/Workspace/Embedded/Projects/mgos-timer-test/deps/boards")
zz_boards: Prepared local dir: "/Users/baileyblankenship/Documents/Workspace/Embedded/Projects/mgos-timer-test/deps/boards"
core: Hash unchanged at 90f56f1e361c7d25ef8c2e3b9a83ef0369760f2e (dir "/Users/baileyblankenship/Documents/Workspace/Embedded/Projects/mgos-timer-test/deps/core")
core: Prepared local dir: "/Users/baileyblankenship/Documents/Workspace/Embedded/Projects/mgos-timer-test/deps/core"
demo-bundle: Hash unchanged at 1e22c49075afa299a9fb560db59b7d87875163ed (dir "/Users/baileyblankenship/Documents/Workspace/Embedded/Projects/mgos-timer-test/deps/demo-bundle")
demo-bundle: Prepared local dir: "/Users/baileyblankenship/Documents/Workspace/Embedded/Projects/mgos-timer-test/deps/demo-bundle"
pppos: Hash unchanged at 7e769156a2b14adbdd294371a119575a3cdfede3 (dir "/Users/baileyblankenship/Documents/Workspace/Embedded/Projects/mgos-timer-test/deps/pppos")
pppos: Prepared local dir: "/Users/baileyblankenship/Documents/Workspace/Embedded/Projects/mgos-timer-test/deps/pppos"
Handling lib "mongoose"...
mongoose: Checking out master...
mongoose: Done, hash b9adb81060805d1de1b185549efb33ce920a210b
mongoose: Hash unchanged at b9adb81060805d1de1b185549efb33ce920a210b (dir "/Users/baileyblankenship/Documents/Workspace/Embedded/Projects/mgos-timer-test/deps/mongoose")
mongoose: Prepared local dir: "/Users/baileyblankenship/Documents/Workspace/Embedded/Projects/mgos-timer-test/deps/mongoose"
Handling lib "lwip"...
lwip: Checking out master...
lwip: Done, hash 640217d5bdfe58e24374df56dae76e52b1881441
lwip: Hash unchanged at 640217d5bdfe58e24374df56dae76e52b1881441 (dir "/Users/baileyblankenship/Documents/Workspace/Embedded/Projects/mgos-timer-test/deps/lwip")
lwip: Prepared local dir: "/Users/baileyblankenship/Documents/Workspace/Embedded/Projects/mgos-timer-test/deps/lwip"
Handling lib "aws"...
Handling lib "fstab"...
Handling lib "dash"...
Handling lib "ca-bundle"...
Handling lib "rpc-service-fs"...
Handling lib "rpc-service-gpio"...
Handling lib "http-server"...
Handling lib "neopixel"...
Handling lib "rpc-uart"...
Handling lib "provision"...
Handling lib "rpc-ws"...
Handling lib "rpc-service-config"...
Handling lib "shadow"...
Handling lib "sntp"...
aws: Checking out master...
dash: Checking out master...
rpc-service-fs: Checking out master...
fstab: Checking out master...
provision: Checking out master...
rpc-uart: Checking out master...
neopixel: Checking out master...
shadow: Checking out master...
rpc-service-config: Checking out master...
sntp: Checking out master...
rpc-ws: Checking out master...
rpc-service-gpio: Checking out master...
http-server: Checking out master...
ca-bundle: Checking out master...
aws: Done, hash f30c05f56fb1b53f2c3d41fe1d0c1d05472bdd8c
dash: Done, hash 8cdeb065b914d83418b87b6336dfddd8aec63afb
fstab: Done, hash 82cf05dda7e817a4aa4518003957c35fdfb178dc
shadow: Done, hash 3c21f7bfd2f5e2cbaa8e3f4621ff3f964e669b64
rpc-service-fs: Done, hash 5f252c2fa5ba989c09f734a4c407bcfef3699e38
neopixel: Done, hash 0909f0d259717bca7274331a76f714422f47f9b2
aws: Hash unchanged at f30c05f56fb1b53f2c3d41fe1d0c1d05472bdd8c (dir "/Users/baileyblankenship/Documents/Workspace/Embedded/Projects/mgos-timer-test/deps/aws")
rpc-uart: Done, hash 4c68e5d7b3eecb19ccc6128f111a118384ed20b4
sntp: Done, hash 42591292134b829afbceeecd1d52cd510dd922c2
aws: Prepared local dir: "/Users/baileyblankenship/Documents/Workspace/Embedded/Projects/mgos-timer-test/deps/aws"
dash: Hash unchanged at 8cdeb065b914d83418b87b6336dfddd8aec63afb (dir "/Users/baileyblankenship/Documents/Workspace/Embedded/Projects/mgos-timer-test/deps/dash")
dash: Prepared local dir: "/Users/baileyblankenship/Documents/Workspace/Embedded/Projects/mgos-timer-test/deps/dash"
provision: Done, hash 86b02414390c2237219cf1a3720c1e78b54d8e78
rpc-service-config: Done, hash b30e187977d8dafcb4297cff60e036855a7ff531
rpc-ws: Done, hash e8e507f4a91eb96a0c664fa33319b2e4f0ed89b2
fstab: Hash unchanged at 82cf05dda7e817a4aa4518003957c35fdfb178dc (dir "/Users/baileyblankenship/Documents/Workspace/Embedded/Projects/mgos-timer-test/deps/fstab")
fstab: Prepared local dir: "/Users/baileyblankenship/Documents/Workspace/Embedded/Projects/mgos-timer-test/deps/fstab"
rpc-service-gpio: Done, hash 7b8c83ea02aec666536bd5c761d94833ea8df569
shadow: Hash unchanged at 3c21f7bfd2f5e2cbaa8e3f4621ff3f964e669b64 (dir "/Users/baileyblankenship/Documents/Workspace/Embedded/Projects/mgos-timer-test/deps/shadow")
shadow: Prepared local dir: "/Users/baileyblankenship/Documents/Workspace/Embedded/Projects/mgos-timer-test/deps/shadow"
sntp: Hash unchanged at 42591292134b829afbceeecd1d52cd510dd922c2 (dir "/Users/baileyblankenship/Documents/Workspace/Embedded/Projects/mgos-timer-test/deps/sntp")
sntp: Prepared local dir: "/Users/baileyblankenship/Documents/Workspace/Embedded/Projects/mgos-timer-test/deps/sntp"
neopixel: Hash unchanged at 0909f0d259717bca7274331a76f714422f47f9b2 (dir "/Users/baileyblankenship/Documents/Workspace/Embedded/Projects/mgos-timer-test/deps/neopixel")
neopixel: Prepared local dir: "/Users/baileyblankenship/Documents/Workspace/Embedded/Projects/mgos-timer-test/deps/neopixel"
rpc-service-config: Hash unchanged at b30e187977d8dafcb4297cff60e036855a7ff531 (dir "/Users/baileyblankenship/Documents/Workspace/Embedded/Projects/mgos-timer-test/deps/rpc-service-config")
rpc-service-config: Prepared local dir: "/Users/baileyblankenship/Documents/Workspace/Embedded/Projects/mgos-timer-test/deps/rpc-service-config"
rpc-uart: Hash unchanged at 4c68e5d7b3eecb19ccc6128f111a118384ed20b4 (dir "/Users/baileyblankenship/Documents/Workspace/Embedded/Projects/mgos-timer-test/deps/rpc-uart")
rpc-uart: Prepared local dir: "/Users/baileyblankenship/Documents/Workspace/Embedded/Projects/mgos-timer-test/deps/rpc-uart"
rpc-service-fs: Hash unchanged at 5f252c2fa5ba989c09f734a4c407bcfef3699e38 (dir "/Users/baileyblankenship/Documents/Workspace/Embedded/Projects/mgos-timer-test/deps/rpc-service-fs")
rpc-service-fs: Prepared local dir: "/Users/baileyblankenship/Documents/Workspace/Embedded/Projects/mgos-timer-test/deps/rpc-service-fs"
provision: Hash unchanged at 86b02414390c2237219cf1a3720c1e78b54d8e78 (dir "/Users/baileyblankenship/Documents/Workspace/Embedded/Projects/mgos-timer-test/deps/provision")
provision: Prepared local dir: "/Users/baileyblankenship/Documents/Workspace/Embedded/Projects/mgos-timer-test/deps/provision"
ca-bundle: Done, hash 5ff49ea631f7f6e6d24c6d943272cfc6f5b166a1
http-server: Done, hash c13d9801ef3914f7954cc2e3424a78b89cea7f25
rpc-ws: Hash unchanged at e8e507f4a91eb96a0c664fa33319b2e4f0ed89b2 (dir "/Users/baileyblankenship/Documents/Workspace/Embedded/Projects/mgos-timer-test/deps/rpc-ws")
rpc-ws: Prepared local dir: "/Users/baileyblankenship/Documents/Workspace/Embedded/Projects/mgos-timer-test/deps/rpc-ws"
rpc-service-gpio: Hash unchanged at 7b8c83ea02aec666536bd5c761d94833ea8df569 (dir "/Users/baileyblankenship/Documents/Workspace/Embedded/Projects/mgos-timer-test/deps/rpc-service-gpio")
rpc-service-gpio: Prepared local dir: "/Users/baileyblankenship/Documents/Workspace/Embedded/Projects/mgos-timer-test/deps/rpc-service-gpio"
ca-bundle: Hash unchanged at 5ff49ea631f7f6e6d24c6d943272cfc6f5b166a1 (dir "/Users/baileyblankenship/Documents/Workspace/Embedded/Projects/mgos-timer-test/deps/ca-bundle")
ca-bundle: Prepared local dir: "/Users/baileyblankenship/Documents/Workspace/Embedded/Projects/mgos-timer-test/deps/ca-bundle"
http-server: Hash unchanged at c13d9801ef3914f7954cc2e3424a78b89cea7f25 (dir "/Users/baileyblankenship/Documents/Workspace/Embedded/Projects/mgos-timer-test/deps/http-server")
http-server: Prepared local dir: "/Users/baileyblankenship/Documents/Workspace/Embedded/Projects/mgos-timer-test/deps/http-server"
Handling lib "vfs-common"...
Handling lib "mbedtls"...
vfs-common: Checking out master...
mbedtls: Checking out master...
vfs-common: Done, hash ae048a19d8f17f332d66fb42d1b072e8fde2b3fa
vfs-common: Hash unchanged at ae048a19d8f17f332d66fb42d1b072e8fde2b3fa (dir "/Users/baileyblankenship/Documents/Workspace/Embedded/Projects/mgos-timer-test/deps/vfs-common")
vfs-common: Prepared local dir: "/Users/baileyblankenship/Documents/Workspace/Embedded/Projects/mgos-timer-test/deps/vfs-common"
mbedtls: Done, hash a98f87ef6ef18777c95afb71b2884615d8971be6
mbedtls: Hash unchanged at a98f87ef6ef18777c95afb71b2884615d8971be6 (dir "/Users/baileyblankenship/Documents/Workspace/Embedded/Projects/mgos-timer-test/deps/mbedtls")
mbedtls: Prepared local dir: "/Users/baileyblankenship/Documents/Workspace/Embedded/Projects/mgos-timer-test/deps/mbedtls"
Handling lib "mqtt"...
mqtt: Checking out master...
mqtt: Done, hash 615da0fc264e713ee90c823af3a1bcff12739e89
mqtt: Hash unchanged at 615da0fc264e713ee90c823af3a1bcff12739e89 (dir "/Users/baileyblankenship/Documents/Workspace/Embedded/Projects/mgos-timer-test/deps/mqtt")
mqtt: Prepared local dir: "/Users/baileyblankenship/Documents/Workspace/Embedded/Projects/mgos-timer-test/deps/mqtt"
Handling lib "ota-shadow"...
ota-shadow: Checking out master...
ota-shadow: Done, hash b3b148e5c6c21ae226143c1f8025facea51228fc
ota-shadow: Hash unchanged at b3b148e5c6c21ae226143c1f8025facea51228fc (dir "/Users/baileyblankenship/Documents/Workspace/Embedded/Projects/mgos-timer-test/deps/ota-shadow")
ota-shadow: Prepared local dir: "/Users/baileyblankenship/Documents/Workspace/Embedded/Projects/mgos-timer-test/deps/ota-shadow"
Handling lib "rpc-common"...
rpc-common: Checking out master...
rpc-common: Done, hash 4591983b26e3a2d49e7f439856a8c95b788b3a8c
rpc-common: Hash unchanged at 4591983b26e3a2d49e7f439856a8c95b788b3a8c (dir "/Users/baileyblankenship/Documents/Workspace/Embedded/Projects/mgos-timer-test/deps/rpc-common")
rpc-common: Prepared local dir: "/Users/baileyblankenship/Documents/Workspace/Embedded/Projects/mgos-timer-test/deps/rpc-common"
Handling lib "ota-common"...
Handling lib "ota-http-client"...
ota-http-client: Checking out master...
ota-common: Checking out master...
ota-common: Done, hash e83cf54aee6b05799f0c64ef4c002b3c418be9d8
ota-http-client: Done, hash e2f9fcfcae9e6efb24e6de6b42af6dd483dd675b
ota-common: Hash unchanged at e83cf54aee6b05799f0c64ef4c002b3c418be9d8 (dir "/Users/baileyblankenship/Documents/Workspace/Embedded/Projects/mgos-timer-test/deps/ota-common")
ota-common: Prepared local dir: "/Users/baileyblankenship/Documents/Workspace/Embedded/Projects/mgos-timer-test/deps/ota-common"
ota-http-client: Hash unchanged at e2f9fcfcae9e6efb24e6de6b42af6dd483dd675b (dir "/Users/baileyblankenship/Documents/Workspace/Embedded/Projects/mgos-timer-test/deps/ota-http-client")
ota-http-client: Prepared local dir: "/Users/baileyblankenship/Documents/Workspace/Embedded/Projects/mgos-timer-test/deps/ota-http-client"
Handling lib "atca"...
atca: Checking out master...
atca: Done, hash a6601b8d479e5b5fcf8855289d4fd25f14d964da
atca: Hash unchanged at a6601b8d479e5b5fcf8855289d4fd25f14d964da (dir "/Users/baileyblankenship/Documents/Workspace/Embedded/Projects/mgos-timer-test/deps/atca")
atca: Prepared local dir: "/Users/baileyblankenship/Documents/Workspace/Embedded/Projects/mgos-timer-test/deps/atca"
Handling lib "i2c"...
i2c: Checking out master...
i2c: Done, hash 4bf5e876983b1767e50eab2bb4a71f4b225520e9
i2c: Hash unchanged at 4bf5e876983b1767e50eab2bb4a71f4b225520e9 (dir "/Users/baileyblankenship/Documents/Workspace/Embedded/Projects/mgos-timer-test/deps/i2c")
i2c: Prepared local dir: "/Users/baileyblankenship/Documents/Workspace/Embedded/Projects/mgos-timer-test/deps/i2c"
Handling lib "vfs-fs-spiffs"...
Handling lib "vfs-fs-lfs"...
Handling lib "freertos"...
vfs-fs-spiffs: Checking out master...
freertos: Checking out master...
vfs-fs-lfs: Checking out master...
vfs-fs-spiffs: Done, hash 6fef5f74fc5f8e07b6324759066c0e9d06653693
freertos: Done, hash b8ed791ec9e61a5784f3ae78829b2ef2d1aca638
vfs-fs-spiffs: Hash unchanged at 6fef5f74fc5f8e07b6324759066c0e9d06653693 (dir "/Users/baileyblankenship/Documents/Workspace/Embedded/Projects/mgos-timer-test/deps/vfs-fs-spiffs")
vfs-fs-spiffs: Prepared local dir: "/Users/baileyblankenship/Documents/Workspace/Embedded/Projects/mgos-timer-test/deps/vfs-fs-spiffs"
vfs-fs-lfs: Done, hash ad140c037e3db5e3b79aa6604712fb5bff315d8c
freertos: Hash unchanged at b8ed791ec9e61a5784f3ae78829b2ef2d1aca638 (dir "/Users/baileyblankenship/Documents/Workspace/Embedded/Projects/mgos-timer-test/deps/freertos")
freertos: Prepared local dir: "/Users/baileyblankenship/Documents/Workspace/Embedded/Projects/mgos-timer-test/deps/freertos"
vfs-fs-lfs: Hash unchanged at ad140c037e3db5e3b79aa6604712fb5bff315d8c (dir "/Users/baileyblankenship/Documents/Workspace/Embedded/Projects/mgos-timer-test/deps/vfs-fs-lfs")
vfs-fs-lfs: Prepared local dir: "/Users/baileyblankenship/Documents/Workspace/Embedded/Projects/mgos-timer-test/deps/vfs-fs-lfs"
Handling lib "ota-http-server"...
Handling lib "rpc-gatts"...
Handling lib "dns-sd"...
Handling lib "adc"...
Handling lib "rpc-service-atca"...
Handling lib "wifi"...
Handling lib "rpc-service-wifi"...
Handling lib "rpc-loopback"...
Handling lib "ethernet"...
Handling lib "watson"...
Handling lib "dht"...
Handling lib "rpc-gcp"...
Handling lib "vfs-dev-spi-flash"...
Handling lib "bt-service-debug"...
Handling lib "gcp"...
Handling lib "rpc-service-ota"...
Handling lib "spi"...
Handling lib "azure"...
Handling lib "rpc-azure"...
Handling lib "rpc-mqtt"...
rpc-service-atca: Checking out master...
wifi: Checking out master...
ota-http-server: Checking out master...
dht: Checking out master...
azure: Checking out master...
rpc-gatts: Checking out master...
adc: Checking out master...
bt-service-debug: Checking out master...
watson: Checking out master...
rpc-gcp: Checking out master...
rpc-service-ota: Checking out master...
ethernet: Checking out master...
dns-sd: Checking out master...
vfs-dev-spi-flash: Checking out master...
rpc-loopback: Checking out master...
gcp: Checking out master...
rpc-mqtt: Checking out master...
rpc-azure: Checking out master...
rpc-service-wifi: Checking out master...
spi: Checking out master...
rpc-service-atca: Done, hash d971678a491187c9d0338a1a55cb7af7af0be0c7
wifi: Done, hash 328e3d98c1c81163ecbda6cab18e53f1430b4f4e
ota-http-server: Done, hash 6a4130f33dcde4940c079aef9c734d869df62f3b
watson: Done, hash c855e5a552356199e651c6f83eb1121a2de3b533
azure: Done, hash 2ce3d46455097c449d8c8463eb9b88c00cb5ebe5
rpc-gcp: Done, hash 94b9cea4c0d6c5865398b1a088db20d5e6ba2c79
dht: Done, hash 3392941cb081cc7051287303b64c837dabe52e21
rpc-gatts: Done, hash 87545f80b1d8f34ad17e2b6ee3bb2f3aeb707869
bt-service-debug: Done, hash b1465e04671a43aee99fd5f0d53e496a90e54853
rpc-service-atca: Hash unchanged at d971678a491187c9d0338a1a55cb7af7af0be0c7 (dir "/Users/baileyblankenship/Documents/Workspace/Embedded/Projects/mgos-timer-test/deps/rpc-service-atca")
rpc-service-atca: Prepared local dir: "/Users/baileyblankenship/Documents/Workspace/Embedded/Projects/mgos-timer-test/deps/rpc-service-atca"
wifi: Hash unchanged at 328e3d98c1c81163ecbda6cab18e53f1430b4f4e (dir "/Users/baileyblankenship/Documents/Workspace/Embedded/Projects/mgos-timer-test/deps/wifi")
wifi: Prepared local dir: "/Users/baileyblankenship/Documents/Workspace/Embedded/Projects/mgos-timer-test/deps/wifi"
dns-sd: Done, hash e8470cc512707ebac9224c411c6b5433b0cad839
adc: Done, hash 66859b0ba3aa7c8184abb2b96433128e06b864bd
rpc-service-ota: Done, hash 59faf121cbae8fb260557af7064c4a0216cbd0d0
ota-http-server: Hash unchanged at 6a4130f33dcde4940c079aef9c734d869df62f3b (dir "/Users/baileyblankenship/Documents/Workspace/Embedded/Projects/mgos-timer-test/deps/ota-http-server")
ethernet: Done, hash 76d87dbee3bcd5d7203e5f9bc3b164e5539511cc
ota-http-server: Prepared local dir: "/Users/baileyblankenship/Documents/Workspace/Embedded/Projects/mgos-timer-test/deps/ota-http-server"
rpc-loopback: Done, hash dec04b4ec1205e3fbf017a2cd3a5a3d8eceacd04
azure: Hash unchanged at 2ce3d46455097c449d8c8463eb9b88c00cb5ebe5 (dir "/Users/baileyblankenship/Documents/Workspace/Embedded/Projects/mgos-timer-test/deps/azure")
azure: Prepared local dir: "/Users/baileyblankenship/Documents/Workspace/Embedded/Projects/mgos-timer-test/deps/azure"
watson: Hash unchanged at c855e5a552356199e651c6f83eb1121a2de3b533 (dir "/Users/baileyblankenship/Documents/Workspace/Embedded/Projects/mgos-timer-test/deps/watson")
watson: Prepared local dir: "/Users/baileyblankenship/Documents/Workspace/Embedded/Projects/mgos-timer-test/deps/watson"
gcp: Done, hash 0cbd89cbf480b8186eb7245e88a2e9bd23278b83
rpc-gcp: Hash unchanged at 94b9cea4c0d6c5865398b1a088db20d5e6ba2c79 (dir "/Users/baileyblankenship/Documents/Workspace/Embedded/Projects/mgos-timer-test/deps/rpc-gcp")
rpc-gcp: Prepared local dir: "/Users/baileyblankenship/Documents/Workspace/Embedded/Projects/mgos-timer-test/deps/rpc-gcp"
dht: Hash unchanged at 3392941cb081cc7051287303b64c837dabe52e21 (dir "/Users/baileyblankenship/Documents/Workspace/Embedded/Projects/mgos-timer-test/deps/dht")
dht: Prepared local dir: "/Users/baileyblankenship/Documents/Workspace/Embedded/Projects/mgos-timer-test/deps/dht"
vfs-dev-spi-flash: Done, hash 38cf753b346a2f601012ab3614fcf5d42ce418b3
bt-service-debug: Hash unchanged at b1465e04671a43aee99fd5f0d53e496a90e54853 (dir "/Users/baileyblankenship/Documents/Workspace/Embedded/Projects/mgos-timer-test/deps/bt-service-debug")
bt-service-debug: Prepared local dir: "/Users/baileyblankenship/Documents/Workspace/Embedded/Projects/mgos-timer-test/deps/bt-service-debug"
dns-sd: Hash unchanged at e8470cc512707ebac9224c411c6b5433b0cad839 (dir "/Users/baileyblankenship/Documents/Workspace/Embedded/Projects/mgos-timer-test/deps/dns-sd")
dns-sd: Prepared local dir: "/Users/baileyblankenship/Documents/Workspace/Embedded/Projects/mgos-timer-test/deps/dns-sd"
adc: Hash unchanged at 66859b0ba3aa7c8184abb2b96433128e06b864bd (dir "/Users/baileyblankenship/Documents/Workspace/Embedded/Projects/mgos-timer-test/deps/adc")
adc: Prepared local dir: "/Users/baileyblankenship/Documents/Workspace/Embedded/Projects/mgos-timer-test/deps/adc"
rpc-mqtt: Done, hash bf134e13dd6b41d680b1de92918145f2fe2ace23
rpc-service-wifi: Done, hash f81dd84dc9dd069c16fd37e5639dcc9d7d243b0d
ethernet: Hash unchanged at 76d87dbee3bcd5d7203e5f9bc3b164e5539511cc (dir "/Users/baileyblankenship/Documents/Workspace/Embedded/Projects/mgos-timer-test/deps/ethernet")
rpc-gatts: Hash unchanged at 87545f80b1d8f34ad17e2b6ee3bb2f3aeb707869 (dir "/Users/baileyblankenship/Documents/Workspace/Embedded/Projects/mgos-timer-test/deps/rpc-gatts")
ethernet: Prepared local dir: "/Users/baileyblankenship/Documents/Workspace/Embedded/Projects/mgos-timer-test/deps/ethernet"
rpc-gatts: Prepared local dir: "/Users/baileyblankenship/Documents/Workspace/Embedded/Projects/mgos-timer-test/deps/rpc-gatts"
rpc-service-ota: Hash unchanged at 59faf121cbae8fb260557af7064c4a0216cbd0d0 (dir "/Users/baileyblankenship/Documents/Workspace/Embedded/Projects/mgos-timer-test/deps/rpc-service-ota")
rpc-service-ota: Prepared local dir: "/Users/baileyblankenship/Documents/Workspace/Embedded/Projects/mgos-timer-test/deps/rpc-service-ota"
rpc-loopback: Hash unchanged at dec04b4ec1205e3fbf017a2cd3a5a3d8eceacd04 (dir "/Users/baileyblankenship/Documents/Workspace/Embedded/Projects/mgos-timer-test/deps/rpc-loopback")
rpc-azure: Done, hash 583eca916b05f6639bd5846c044e3c6e24ee9be7
rpc-loopback: Prepared local dir: "/Users/baileyblankenship/Documents/Workspace/Embedded/Projects/mgos-timer-test/deps/rpc-loopback"
spi: Done, hash bef6469b5f6f860cc18d4c9a77a590b5ff39924f
gcp: Hash unchanged at 0cbd89cbf480b8186eb7245e88a2e9bd23278b83 (dir "/Users/baileyblankenship/Documents/Workspace/Embedded/Projects/mgos-timer-test/deps/gcp")
gcp: Prepared local dir: "/Users/baileyblankenship/Documents/Workspace/Embedded/Projects/mgos-timer-test/deps/gcp"
rpc-service-wifi: Hash unchanged at f81dd84dc9dd069c16fd37e5639dcc9d7d243b0d (dir "/Users/baileyblankenship/Documents/Workspace/Embedded/Projects/mgos-timer-test/deps/rpc-service-wifi")
rpc-service-wifi: Prepared local dir: "/Users/baileyblankenship/Documents/Workspace/Embedded/Projects/mgos-timer-test/deps/rpc-service-wifi"
rpc-mqtt: Hash unchanged at bf134e13dd6b41d680b1de92918145f2fe2ace23 (dir "/Users/baileyblankenship/Documents/Workspace/Embedded/Projects/mgos-timer-test/deps/rpc-mqtt")
rpc-mqtt: Prepared local dir: "/Users/baileyblankenship/Documents/Workspace/Embedded/Projects/mgos-timer-test/deps/rpc-mqtt"
vfs-dev-spi-flash: Hash unchanged at 38cf753b346a2f601012ab3614fcf5d42ce418b3 (dir "/Users/baileyblankenship/Documents/Workspace/Embedded/Projects/mgos-timer-test/deps/vfs-dev-spi-flash")
vfs-dev-spi-flash: Prepared local dir: "/Users/baileyblankenship/Documents/Workspace/Embedded/Projects/mgos-timer-test/deps/vfs-dev-spi-flash"
rpc-azure: Hash unchanged at 583eca916b05f6639bd5846c044e3c6e24ee9be7 (dir "/Users/baileyblankenship/Documents/Workspace/Embedded/Projects/mgos-timer-test/deps/rpc-azure")
rpc-azure: Prepared local dir: "/Users/baileyblankenship/Documents/Workspace/Embedded/Projects/mgos-timer-test/deps/rpc-azure"
spi: Hash unchanged at bef6469b5f6f860cc18d4c9a77a590b5ff39924f (dir "/Users/baileyblankenship/Documents/Workspace/Embedded/Projects/mgos-timer-test/deps/spi")
spi: Prepared local dir: "/Users/baileyblankenship/Documents/Workspace/Embedded/Projects/mgos-timer-test/deps/spi"
Handling lib "bt-common"...
bt-common: Checking out master...
bt-common: Done, hash e2186ec88de30c885d2245bdf827b86e0e1359b9
bt-common: Hash unchanged at e2186ec88de30c885d2245bdf827b86e0e1359b9 (dir "/Users/baileyblankenship/Documents/Workspace/Embedded/Projects/mgos-timer-test/deps/bt-common")
bt-common: Prepared local dir: "/Users/baileyblankenship/Documents/Workspace/Embedded/Projects/mgos-timer-test/deps/bt-common"
The flag --repo is not given, going to use mongoose-os repository
mongoose-os: Checking out master...
mongoose-os: Done, hash 3029e19b3d52f8a23905423db7ee9bb3909b73e6
Prebuilt binary for "mbedtls" already exists at "/Users/baileyblankenship/Documents/Workspace/Embedded/Projects/mgos-timer-test/build/objs/libmbedtls-esp32-latest.a"
Prebuilt binary for "mongoose" already exists at "/Users/baileyblankenship/Documents/Workspace/Embedded/Projects/mgos-timer-test/build/objs/libmongoose-esp32-latest.a"
Prebuilt binary for "ota-common" already exists at "/Users/baileyblankenship/Documents/Workspace/Embedded/Projects/mgos-timer-test/build/objs/libota-common-esp32-latest.a"
Prebuilt binary for "ota-http-client" already exists at "/Users/baileyblankenship/Documents/Workspace/Embedded/Projects/mgos-timer-test/build/objs/libota-http-client-esp32-latest.a"
Prebuilt binary for "ota-shadow" already exists at "/Users/baileyblankenship/Documents/Workspace/Embedded/Projects/mgos-timer-test/build/objs/libota-shadow-esp32-latest.a"
Prebuilt binary for "dash" already exists at "/Users/baileyblankenship/Documents/Workspace/Embedded/Projects/mgos-timer-test/build/objs/libdash-esp32-latest.a"
Prebuilt binary for "ota-http-server" already exists at "/Users/baileyblankenship/Documents/Workspace/Embedded/Projects/mgos-timer-test/build/objs/libota-http-server-esp32-latest.a"
Prebuilt binary for "rpc-service-ota" already exists at "/Users/baileyblankenship/Documents/Workspace/Embedded/Projects/mgos-timer-test/build/objs/librpc-service-ota-esp32-latest.a"
Sources: [/Users/baileyblankenship/Documents/Workspace/Embedded/Projects/mgos-timer-test/src/MongooseTimer.cpp /Users/baileyblankenship/Documents/Workspace/Embedded/Projects/mgos-timer-test/src/Timer.cpp /Users/baileyblankenship/Documents/Workspace/Embedded/Projects/mgos-timer-test/src/main.cpp /Users/baileyblankenship/Documents/Workspace/Embedded/Projects/mgos-timer-test/build/gen/mgos_deps_init.c /Users/baileyblankenship/Documents/Workspace/Embedded/Projects/mgos-timer-test/deps/adc/esp32/src/esp32_adc.c /Users/baileyblankenship/Documents/Workspace/Embedded/Projects/mgos-timer-test/deps/freertos/src/mgos_freertos.c /Users/baileyblankenship/Documents/Workspace/Embedded/Projects/mgos-timer-test/deps/freertos/src/mgos_freertos_core_dump.c /Users/baileyblankenship/Documents/Workspace/Embedded/Projects/mgos-timer-test/deps/i2c/src/mgos_i2c_master.c /Users/baileyblankenship/Documents/Workspace/Embedded/Projects/mgos-timer-test/deps/i2c/src/esp32/esp32_i2c_master.c /Users/baileyblankenship/Documents/Workspace/Embedded/Projects/mgos-timer-test/deps/atca/src/mgos_atca.c /Users/baileyblankenship/Documents/Workspace/Embedded/Projects/mgos-timer-test/deps/atca/cryptoauthlib/lib/atca_cfgs.c /Users/baileyblankenship/Documents/Workspace/Embedded/Projects/mgos-timer-test/deps/atca/cryptoauthlib/lib/atca_command.c /Users/baileyblankenship/Documents/Workspace/Embedded/Projects/mgos-timer-test/deps/atca/cryptoauthlib/lib/atca_device.c /Users/baileyblankenship/Documents/Workspace/Embedded/Projects/mgos-timer-test/deps/atca/cryptoauthlib/lib/atca_iface.c /Users/baileyblankenship/Documents/Workspace/Embedded/Projects/mgos-timer-test/deps/atca/cryptoauthlib/lib/basic/atca_basic.c /Users/baileyblankenship/Documents/Workspace/Embedded/Projects/mgos-timer-test/deps/atca/cryptoauthlib/lib/basic/atca_helpers.c /Users/baileyblankenship/Documents/Workspace/Embedded/Projects/mgos-timer-test/deps/atca/cryptoauthlib/lib/host/atca_host.c /Users/baileyblankenship/Documents/Workspace/Embedded/Projects/mgos-timer-test/deps/vfs-common/src/mgos_vfs.c /Users/baileyblankenship/Documents/Workspace/Embedded/Projects/mgos-timer-test/deps/vfs-common/src/mgos_vfs_dev.c /Users/baileyblankenship/Documents/Workspace/Embedded/Projects/mgos-timer-test/deps/vfs-common/src/mgos_vfs_internal.c /Users/baileyblankenship/Documents/Workspace/Embedded/Projects/mgos-timer-test/deps/vfs-common/src/esp32/esp32_fs.c /Users/baileyblankenship/Documents/Workspace/Embedded/Projects/mgos-timer-test/deps/vfs-common/src/esp32/esp32_fs_crypt.c /Users/baileyblankenship/Documents/Workspace/Embedded/Projects/mgos-timer-test/deps/vfs-common/src/esp32/esp32_vfs_dev_partition.c /Users/baileyblankenship/Documents/Workspace/Embedded/Projects/mgos-timer-test/deps/vfs-fs-lfs/src/mgos_vfs_lfs.c /Users/baileyblankenship/Documents/Workspace/Embedded/Projects/mgos-timer-test/deps/vfs-fs-lfs/littlefs/lfs.c /Users/baileyblankenship/Documents/Workspace/Embedded/Projects/mgos-timer-test/deps/vfs-fs-lfs/littlefs/lfs_util.c /Users/baileyblankenship/Documents/Workspace/Embedded/Projects/mgos-timer-test/deps/vfs-fs-lfs/littlefs1/lfs1.c /Users/baileyblankenship/Documents/Workspace/Embedded/Projects/mgos-timer-test/deps/vfs-fs-lfs/littlefs1/lfs1_util.c /Users/baileyblankenship/Documents/Workspace/Embedded/Projects/mgos-timer-test/deps/vfs-fs-spiffs/src/mgos_vfs_fs_spiffs.c /Users/baileyblankenship/Documents/Workspace/Embedded/Projects/mgos-timer-test/deps/vfs-fs-spiffs/src/spiffs/spiffs_cache.c /Users/baileyblankenship/Documents/Workspace/Embedded/Projects/mgos-timer-test/deps/vfs-fs-spiffs/src/spiffs/spiffs_check.c /Users/baileyblankenship/Documents/Workspace/Embedded/Projects/mgos-timer-test/deps/vfs-fs-spiffs/src/spiffs/spiffs_gc.c /Users/baileyblankenship/Documents/Workspace/Embedded/Projects/mgos-timer-test/deps/vfs-fs-spiffs/src/spiffs/spiffs_hydrogen.c /Users/baileyblankenship/Documents/Workspace/Embedded/Projects/mgos-timer-test/deps/vfs-fs-spiffs/src/spiffs/spiffs_nucleus.c /Users/baileyblankenship/Documents/Workspace/Embedded/Projects/mgos-timer-test/deps/core/src/mgos_core.c /Users/baileyblankenship/Documents/Workspace/Embedded/Projects/mgos-timer-test/deps/mqtt/src/mgos_mqtt.c /Users/baileyblankenship/Documents/Workspace/Embedded/Projects/mgos-timer-test/deps/shadow/src/mgos_shadow.c /Users/baileyblankenship/Documents/Workspace/Embedded/Projects/mgos-timer-test/deps/aws/src/mgos_aws.c /Users/baileyblankenship/Documents/Workspace/Embedded/Projects/mgos-timer-test/deps/aws/src/mgos_aws_greengrass.c /Users/baileyblankenship/Documents/Workspace/Embedded/Projects/mgos-timer-test/deps/aws/src/mgos_aws_shadow.c /Users/baileyblankenship/Documents/Workspace/Embedded/Projects/mgos-timer-test/deps/sntp/src/mgos_sntp.c /Users/baileyblankenship/Documents/Workspace/Embedded/Projects/mgos-timer-test/deps/azure/src/mgos_azure.c /Users/baileyblankenship/Documents/Workspace/Embedded/Projects/mgos-timer-test/deps/azure/src/mgos_azure_cm.c /Users/baileyblankenship/Documents/Workspace/Embedded/Projects/mgos-timer-test/deps/azure/src/mgos_azure_dm.c /Users/baileyblankenship/Documents/Workspace/Embedded/Projects/mgos-timer-test/deps/azure/src/mgos_azure_sas.c /Users/baileyblankenship/Documents/Workspace/Embedded/Projects/mgos-timer-test/deps/azure/src/mgos_azure_shadow.c /Users/baileyblankenship/Documents/Workspace/Embedded/Projects/mgos-timer-test/deps/bt-common/src/mgos_bt.c /Users/baileyblankenship/Documents/Workspace/Embedded/Projects/mgos-timer-test/deps/bt-common/src/mgos_bt_gap.c /Users/baileyblankenship/Documents/Workspace/Embedded/Projects/mgos-timer-test/deps/bt-common/src/mgos_bt_js.c /Users/baileyblankenship/Documents/Workspace/Embedded/Projects/mgos-timer-test/deps/bt-common/src/esp32/esp32_bt.c /Users/baileyblankenship/Documents/Workspace/Embedded/Projects/mgos-timer-test/deps/bt-common/src/esp32/esp32_bt_gap.c /Users/baileyblankenship/Documents/Workspace/Embedded/Projects/mgos-timer-test/deps/bt-common/src/esp32/esp32_bt_gattc.c /Users/baileyblankenship/Documents/Workspace/Embedded/Projects/mgos-timer-test/deps/bt-common/src/esp32/esp32_bt_gatts.c /Users/baileyblankenship/Documents/Workspace/Embedded/Projects/mgos-timer-test/deps/bt-service-debug/src/mgos_bt_svc_debug.c /Users/baileyblankenship/Documents/Workspace/Embedded/Projects/mgos-timer-test/deps/rpc-common/src/mg_rpc.c /Users/baileyblankenship/Documents/Workspace/Embedded/Projects/mgos-timer-test/deps/rpc-common/src/mg_rpc_channel.c /Users/baileyblankenship/Documents/Workspace/Embedded/Projects/mgos-timer-test/deps/rpc-common/src/mg_rpc_channel_http.c /Users/baileyblankenship/Documents/Workspace/Embedded/Projects/mgos-timer-test/deps/rpc-common/src/mgos_rpc.c /Users/baileyblankenship/Documents/Workspace/Embedded/Projects/mgos-timer-test/deps/rpc-ws/src/mgos_rpc_channel_ws.c /Users/baileyblankenship/Documents/Workspace/Embedded/Projects/mgos-timer-test/deps/rpc-ws/src/mgos_rpc_ws.c /Users/baileyblankenship/Documents/Workspace/Embedded/Projects/mgos-timer-test/deps/dht/src/mgos_dht.c /Users/baileyblankenship/Documents/Workspace/Embedded/Projects/mgos-timer-test/deps/http-server/src/mgos_http_server.c /Users/baileyblankenship/Documents/Workspace/Embedded/Projects/mgos-timer-test/deps/dns-sd/src/mgos_dns_sd.c /Users/baileyblankenship/Documents/Workspace/Embedded/Projects/mgos-timer-test/deps/dns-sd/src/mgos_mdns.c /Users/baileyblankenship/Documents/Workspace/Embedded/Projects/mgos-timer-test/deps/dns-sd/src/lwip/lwip_mdns.c /Users/baileyblankenship/Documents/Workspace/Embedded/Projects/mgos-timer-test/deps/ethernet/src/mgos_eth.c /Users/baileyblankenship/Documents/Workspace/Embedded/Projects/mgos-timer-test/deps/ethernet/src/esp32/esp32_eth.c /Users/baileyblankenship/Documents/Workspace/Embedded/Projects/mgos-timer-test/deps/fstab/src/mgos_fstab.c /Users/baileyblankenship/Documents/Workspace/Embedded/Projects/mgos-timer-test/deps/gcp/src/mgos_gcp.c /Users/baileyblankenship/Documents/Workspace/Embedded/Projects/mgos-timer-test/deps/neopixel/src/mgos_neopixel.c /Users/baileyblankenship/Documents/Workspace/Embedded/Projects/mgos-timer-test/deps/provision/src/mgos_provision.c /Users/baileyblankenship/Documents/Workspace/Embedded/Projects/mgos-timer-test/deps/provision/src/mgos_provision_btn.c /Users/baileyblankenship/Documents/Workspace/Embedded/Projects/mgos-timer-test/deps/provision/src/mgos_provision_led.c /Users/baileyblankenship/Documents/Workspace/Embedded/Projects/mgos-timer-test/deps/provision/src/mgos_provision_state.c /Users/baileyblankenship/Documents/Workspace/Embedded/Projects/mgos-timer-test/deps/rpc-azure/src/mgos_rpc_channel_azure_dm.c /Users/baileyblankenship/Documents/Workspace/Embedded/Projects/mgos-timer-test/deps/rpc-gatts/src/mgos_rpc_channel_gatts.c /Users/baileyblankenship/Documents/Workspace/Embedded/Projects/mgos-timer-test/deps/rpc-gcp/src/mgos_rpc_channel_gcp.c /Users/baileyblankenship/Documents/Workspace/Embedded/Projects/mgos-timer-test/deps/rpc-loopback/src/mg_rpc_channel_loopback.c /Users/baileyblankenship/Documents/Workspace/Embedded/Projects/mgos-timer-test/deps/rpc-mqtt/src/mgos_rpc_channel_mqtt.c /Users/baileyblankenship/Documents/Workspace/Embedded/Projects/mgos-timer-test/deps/rpc-service-atca/src/mgos_atca_service.c /Users/baileyblankenship/Documents/Workspace/Embedded/Projects/mgos-timer-test/deps/rpc-service-config/src/mgos_service_config.c /Users/baileyblankenship/Documents/Workspace/Embedded/Projects/mgos-timer-test/deps/rpc-service-fs/src/mgos_service_filesystem.c /Users/baileyblankenship/Documents/Workspace/Embedded/Projects/mgos-timer-test/deps/rpc-service-gpio/src/mgos_gpio_service.c /Users/baileyblankenship/Documents/Workspace/Embedded/Projects/mgos-timer-test/deps/wifi/src/mgos_wifi.c /Users/baileyblankenship/Documents/Workspace/Embedded/Projects/mgos-timer-test/deps/wifi/src/mjs_wifi.c /Users/baileyblankenship/Documents/Workspace/Embedded/Projects/mgos-timer-test/deps/wifi/src/esp32/esp32_wifi.c /Users/baileyblankenship/Documents/Workspace/Embedded/Projects/mgos-timer-test/deps/rpc-service-wifi/src/mgos_rpc_service_wifi.c /Users/baileyblankenship/Documents/Workspace/Embedded/Projects/mgos-timer-test/deps/rpc-uart/src/mgos_rpc_channel_uart.c /Users/baileyblankenship/Documents/Workspace/Embedded/Projects/mgos-timer-test/deps/spi/src/mgos_spi.c /Users/baileyblankenship/Documents/Workspace/Embedded/Projects/mgos-timer-test/deps/spi/src/mgos_spi_mjs.c /Users/baileyblankenship/Documents/Workspace/Embedded/Projects/mgos-timer-test/deps/spi/src/esp32/esp32_spi_master.c /Users/baileyblankenship/Documents/Workspace/Embedded/Projects/mgos-timer-test/deps/vfs-dev-spi-flash/src/mgos_vfs_dev_spi_flash.c /Users/baileyblankenship/Documents/Workspace/Embedded/Projects/mgos-timer-test/deps/watson/src/mgos_watson.c /Users/baileyblankenship/Documents/Workspace/Embedded/Projects/mgos-timer-test/deps/demo-bundle/src/mgos_demo_bundle.c /Users/baileyblankenship/Documents/Workspace/Embedded/Projects/mgos-timer-test/deps/pppos/src/mgos_pppos.c]
Include dirs: [/Users/baileyblankenship/Documents/Workspace/Embedded/Projects/mgos-timer-test/deps/adc/include /Users/baileyblankenship/Documents/Workspace/Embedded/Projects/mgos-timer-test/deps/freertos/include /Users/baileyblankenship/Documents/Workspace/Embedded/Projects/mgos-timer-test/deps/freertos/include/esp32 /Users/baileyblankenship/Documents/Workspace/Embedded/Projects/mgos-timer-test/deps/i2c/include /Users/baileyblankenship/Documents/Workspace/Embedded/Projects/mgos-timer-test/deps/atca/include /Users/baileyblankenship/Documents/Workspace/Embedded/Projects/mgos-timer-test/deps/atca/cryptoauthlib/lib /Users/baileyblankenship/Documents/Workspace/Embedded/Projects/mgos-timer-test/deps/mbedtls/include /Users/baileyblankenship/Documents/Workspace/Embedded/Projects/mgos-timer-test/deps/mbedtls/include/esp32 /Users/baileyblankenship/Documents/Workspace/Embedded/Projects/mgos-timer-test/deps/mbedtls/mbedtls/include /Users/baileyblankenship/Documents/Workspace/Embedded/Projects/mgos-timer-test/deps/vfs-common/include /Users/baileyblankenship/Documents/Workspace/Embedded/Projects/mgos-timer-test/deps/vfs-common/include/esp32 /Users/baileyblankenship/Documents/Workspace/Embedded/Projects/mgos-timer-test/deps/mongoose/include /Users/baileyblankenship/Documents/Workspace/Embedded/Projects/mgos-timer-test/deps/vfs-fs-lfs/include /Users/baileyblankenship/Documents/Workspace/Embedded/Projects/mgos-timer-test/deps/vfs-fs-lfs/littlefs /Users/baileyblankenship/Documents/Workspace/Embedded/Projects/mgos-timer-test/deps/vfs-fs-lfs/littlefs1 /Users/baileyblankenship/Documents/Workspace/Embedded/Projects/mgos-timer-test/deps/vfs-fs-spiffs/include /Users/baileyblankenship/Documents/Workspace/Embedded/Projects/mgos-timer-test/deps/vfs-fs-spiffs/include/spiffs /Users/baileyblankenship/Documents/Workspace/Embedded/Projects/mgos-timer-test/deps/vfs-fs-spiffs/include/esp32 /Users/baileyblankenship/Documents/Workspace/Embedded/Projects/mgos-timer-test/deps/core/include /Users/baileyblankenship/Documents/Workspace/Embedded/Projects/mgos-timer-test/deps/core/include/esp32 /Users/baileyblankenship/Documents/Workspace/Embedded/Projects/mgos-timer-test/deps/mqtt/include /Users/baileyblankenship/Documents/Workspace/Embedded/Projects/mgos-timer-test/deps/shadow/include /Users/baileyblankenship/Documents/Workspace/Embedded/Projects/mgos-timer-test/deps/aws/include /Users/baileyblankenship/Documents/Workspace/Embedded/Projects/mgos-timer-test/deps/azure/include /Users/baileyblankenship/Documents/Workspace/Embedded/Projects/mgos-timer-test/deps/bt-common/include /Users/baileyblankenship/Documents/Workspace/Embedded/Projects/mgos-timer-test/deps/bt-common/include/esp32 /Users/baileyblankenship/Documents/Workspace/Embedded/Projects/mgos-timer-test/deps/ota-common/src /Users/baileyblankenship/Documents/Workspace/Embedded/Projects/mgos-timer-test/deps/ota-common/include /Users/baileyblankenship/Documents/Workspace/Embedded/Projects/mgos-timer-test/deps/ota-common/include/esp32 /Users/baileyblankenship/Documents/Workspace/Embedded/Projects/mgos-timer-test/deps/ota-http-client/include /Users/baileyblankenship/Documents/Workspace/Embedded/Projects/mgos-timer-test/deps/rpc-common/include /Users/baileyblankenship/Documents/Workspace/Embedded/Projects/mgos-timer-test/deps/rpc-ws/include /Users/baileyblankenship/Documents/Workspace/Embedded/Projects/mgos-timer-test/deps/dash/include /Users/baileyblankenship/Documents/Workspace/Embedded/Projects/mgos-timer-test/deps/dht/include /Users/baileyblankenship/Documents/Workspace/Embedded/Projects/mgos-timer-test/deps/http-server/include /Users/baileyblankenship/Documents/Workspace/Embedded/Projects/mgos-timer-test/deps/dns-sd/include /Users/baileyblankenship/Documents/Workspace/Embedded/Projects/mgos-timer-test/deps/gcp/include /Users/baileyblankenship/Documents/Workspace/Embedded/Projects/mgos-timer-test/deps/neopixel/include /Users/baileyblankenship/Documents/Workspace/Embedded/Projects/mgos-timer-test/deps/provision/include /Users/baileyblankenship/Documents/Workspace/Embedded/Projects/mgos-timer-test/deps/rpc-loopback/include /Users/baileyblankenship/Documents/Workspace/Embedded/Projects/mgos-timer-test/deps/rpc-mqtt/include /Users/baileyblankenship/Documents/Workspace/Embedded/Projects/mgos-timer-test/deps/rpc-service-config/include /Users/baileyblankenship/Documents/Workspace/Embedded/Projects/mgos-timer-test/deps/rpc-service-fs/include /Users/baileyblankenship/Documents/Workspace/Embedded/Projects/mgos-timer-test/deps/rpc-service-gpio/include /Users/baileyblankenship/Documents/Workspace/Embedded/Projects/mgos-timer-test/deps/rpc-service-ota/include /Users/baileyblankenship/Documents/Workspace/Embedded/Projects/mgos-timer-test/deps/wifi/include /Users/baileyblankenship/Documents/Workspace/Embedded/Projects/mgos-timer-test/deps/wifi/include/esp32 /Users/baileyblankenship/Documents/Workspace/Embedded/Projects/mgos-timer-test/deps/rpc-uart/include /Users/baileyblankenship/Documents/Workspace/Embedded/Projects/mgos-timer-test/deps/spi/include /Users/baileyblankenship/Documents/Workspace/Embedded/Projects/mgos-timer-test/deps/vfs-dev-spi-flash/include /Users/baileyblankenship/Documents/Workspace/Embedded/Projects/mgos-timer-test/deps/watson/include /Users/baileyblankenship/Documents/Workspace/Embedded/Projects/mgos-timer-test/deps/pppos/include]
Binary libs: [/Users/baileyblankenship/Documents/Workspace/Embedded/Projects/mgos-timer-test/build/objs/libmbedtls-esp32-latest.a /Users/baileyblankenship/Documents/Workspace/Embedded/Projects/mgos-timer-test/build/objs/libmongoose-esp32-latest.a /Users/baileyblankenship/Documents/Workspace/Embedded/Projects/mgos-timer-test/build/objs/libota-common-esp32-latest.a /Users/baileyblankenship/Documents/Workspace/Embedded/Projects/mgos-timer-test/build/objs/libota-http-client-esp32-latest.a /Users/baileyblankenship/Documents/Workspace/Embedded/Projects/mgos-timer-test/build/objs/libota-shadow-esp32-latest.a /Users/baileyblankenship/Documents/Workspace/Embedded/Projects/mgos-timer-test/build/objs/libdash-esp32-latest.a /Users/baileyblankenship/Documents/Workspace/Embedded/Projects/mgos-timer-test/build/objs/libota-http-server-esp32-latest.a /Users/baileyblankenship/Documents/Workspace/Embedded/Projects/mgos-timer-test/build/objs/librpc-service-ota-esp32-latest.a]
Building...
mount from "/Users/baileyblankenship/Documents/Workspace/Embedded/Projects/mgos-timer-test" to "/app"
mount from "/Users/baileyblankenship/Documents/Workspace/Embedded/Projects/mgos-timer-test/deps/modules/mongoose-os" to "/mongoose-os"
mount from "/Users/baileyblankenship/Documents/Workspace/Embedded/Projects/mgos-timer-test/deps/modules/mongoose-os" to "/Users/baileyblankenship/Documents/Workspace/Embedded/Projects/mgos-timer-test/deps/modules/mongoose-os"
mount from "/Users/baileyblankenship/Documents/Workspace/Embedded/Projects/mgos-timer-test/build" to "/Users/baileyblankenship/Documents/Workspace/Embedded/Projects/mgos-timer-test/build"
mount from "/Users/baileyblankenship/Documents/Workspace/Embedded/Projects/mgos-timer-test/src" to "/Users/baileyblankenship/Documents/Workspace/Embedded/Projects/mgos-timer-test/src"
mount from "/Users/baileyblankenship/Documents/Workspace/Embedded/Projects/mgos-timer-test/build/gen" to "/Users/baileyblankenship/Documents/Workspace/Embedded/Projects/mgos-timer-test/build/gen"
mount from "/Users/baileyblankenship/Documents/Workspace/Embedded/Projects/mgos-timer-test/deps/adc/esp32/src" to "/Users/baileyblankenship/Documents/Workspace/Embedded/Projects/mgos-timer-test/deps/adc/esp32/src"
mount from "/Users/baileyblankenship/Documents/Workspace/Embedded/Projects/mgos-timer-test/deps/freertos/src" to "/Users/baileyblankenship/Documents/Workspace/Embedded/Projects/mgos-timer-test/deps/freertos/src"
mount from "/Users/baileyblankenship/Documents/Workspace/Embedded/Projects/mgos-timer-test/deps/i2c/src" to "/Users/baileyblankenship/Documents/Workspace/Embedded/Projects/mgos-timer-test/deps/i2c/src"
mount from "/Users/baileyblankenship/Documents/Workspace/Embedded/Projects/mgos-timer-test/deps/i2c/src/esp32" to "/Users/baileyblankenship/Documents/Workspace/Embedded/Projects/mgos-timer-test/deps/i2c/src/esp32"
mount from "/Users/baileyblankenship/Documents/Workspace/Embedded/Projects/mgos-timer-test/deps/atca/src" to "/Users/baileyblankenship/Documents/Workspace/Embedded/Projects/mgos-timer-test/deps/atca/src"
mount from "/Users/baileyblankenship/Documents/Workspace/Embedded/Projects/mgos-timer-test/deps/atca/cryptoauthlib/lib" to "/Users/baileyblankenship/Documents/Workspace/Embedded/Projects/mgos-timer-test/deps/atca/cryptoauthlib/lib"
mount from "/Users/baileyblankenship/Documents/Workspace/Embedded/Projects/mgos-timer-test/deps/atca/cryptoauthlib/lib/basic" to "/Users/baileyblankenship/Documents/Workspace/Embedded/Projects/mgos-timer-test/deps/atca/cryptoauthlib/lib/basic"
mount from "/Users/baileyblankenship/Documents/Workspace/Embedded/Projects/mgos-timer-test/deps/atca/cryptoauthlib/lib/crypto" to "/Users/baileyblankenship/Documents/Workspace/Embedded/Projects/mgos-timer-test/deps/atca/cryptoauthlib/lib/crypto"
mount from "/Users/baileyblankenship/Documents/Workspace/Embedded/Projects/mgos-timer-test/deps/atca/cryptoauthlib/lib/hal" to "/Users/baileyblankenship/Documents/Workspace/Embedded/Projects/mgos-timer-test/deps/atca/cryptoauthlib/lib/hal"
mount from "/Users/baileyblankenship/Documents/Workspace/Embedded/Projects/mgos-timer-test/deps/atca/cryptoauthlib/lib/host" to "/Users/baileyblankenship/Documents/Workspace/Embedded/Projects/mgos-timer-test/deps/atca/cryptoauthlib/lib/host"
mount from "/Users/baileyblankenship/Documents/Workspace/Embedded/Projects/mgos-timer-test/deps/vfs-common/src" to "/Users/baileyblankenship/Documents/Workspace/Embedded/Projects/mgos-timer-test/deps/vfs-common/src"
mount from "/Users/baileyblankenship/Documents/Workspace/Embedded/Projects/mgos-timer-test/deps/vfs-common/src/esp32" to "/Users/baileyblankenship/Documents/Workspace/Embedded/Projects/mgos-timer-test/deps/vfs-common/src/esp32"
mount from "/Users/baileyblankenship/Documents/Workspace/Embedded/Projects/mgos-timer-test/deps/vfs-fs-lfs/src" to "/Users/baileyblankenship/Documents/Workspace/Embedded/Projects/mgos-timer-test/deps/vfs-fs-lfs/src"
mount from "/Users/baileyblankenship/Documents/Workspace/Embedded/Projects/mgos-timer-test/deps/vfs-fs-lfs/littlefs" to "/Users/baileyblankenship/Documents/Workspace/Embedded/Projects/mgos-timer-test/deps/vfs-fs-lfs/littlefs"
mount from "/Users/baileyblankenship/Documents/Workspace/Embedded/Projects/mgos-timer-test/deps/vfs-fs-lfs/littlefs1" to "/Users/baileyblankenship/Documents/Workspace/Embedded/Projects/mgos-timer-test/deps/vfs-fs-lfs/littlefs1"
mount from "/Users/baileyblankenship/Documents/Workspace/Embedded/Projects/mgos-timer-test/deps/vfs-fs-spiffs/src" to "/Users/baileyblankenship/Documents/Workspace/Embedded/Projects/mgos-timer-test/deps/vfs-fs-spiffs/src"
mount from "/Users/baileyblankenship/Documents/Workspace/Embedded/Projects/mgos-timer-test/deps/vfs-fs-spiffs/src/spiffs" to "/Users/baileyblankenship/Documents/Workspace/Embedded/Projects/mgos-timer-test/deps/vfs-fs-spiffs/src/spiffs"
mount from "/Users/baileyblankenship/Documents/Workspace/Embedded/Projects/mgos-timer-test/deps/core/src" to "/Users/baileyblankenship/Documents/Workspace/Embedded/Projects/mgos-timer-test/deps/core/src"
mount from "/Users/baileyblankenship/Documents/Workspace/Embedded/Projects/mgos-timer-test/deps/mqtt/src" to "/Users/baileyblankenship/Documents/Workspace/Embedded/Projects/mgos-timer-test/deps/mqtt/src"
mount from "/Users/baileyblankenship/Documents/Workspace/Embedded/Projects/mgos-timer-test/deps/shadow/src" to "/Users/baileyblankenship/Documents/Workspace/Embedded/Projects/mgos-timer-test/deps/shadow/src"
mount from "/Users/baileyblankenship/Documents/Workspace/Embedded/Projects/mgos-timer-test/deps/aws/src" to "/Users/baileyblankenship/Documents/Workspace/Embedded/Projects/mgos-timer-test/deps/aws/src"
mount from "/Users/baileyblankenship/Documents/Workspace/Embedded/Projects/mgos-timer-test/deps/sntp/src" to "/Users/baileyblankenship/Documents/Workspace/Embedded/Projects/mgos-timer-test/deps/sntp/src"
mount from "/Users/baileyblankenship/Documents/Workspace/Embedded/Projects/mgos-timer-test/deps/azure/src" to "/Users/baileyblankenship/Documents/Workspace/Embedded/Projects/mgos-timer-test/deps/azure/src"
mount from "/Users/baileyblankenship/Documents/Workspace/Embedded/Projects/mgos-timer-test/deps/bt-common/src" to "/Users/baileyblankenship/Documents/Workspace/Embedded/Projects/mgos-timer-test/deps/bt-common/src"
mount from "/Users/baileyblankenship/Documents/Workspace/Embedded/Projects/mgos-timer-test/deps/bt-common/src/esp32" to "/Users/baileyblankenship/Documents/Workspace/Embedded/Projects/mgos-timer-test/deps/bt-common/src/esp32"
mount from "/Users/baileyblankenship/Documents/Workspace/Embedded/Projects/mgos-timer-test/deps/bt-service-debug/src" to "/Users/baileyblankenship/Documents/Workspace/Embedded/Projects/mgos-timer-test/deps/bt-service-debug/src"
mount from "/Users/baileyblankenship/Documents/Workspace/Embedded/Projects/mgos-timer-test/deps/rpc-common/src" to "/Users/baileyblankenship/Documents/Workspace/Embedded/Projects/mgos-timer-test/deps/rpc-common/src"
mount from "/Users/baileyblankenship/Documents/Workspace/Embedded/Projects/mgos-timer-test/deps/rpc-ws/src" to "/Users/baileyblankenship/Documents/Workspace/Embedded/Projects/mgos-timer-test/deps/rpc-ws/src"
mount from "/Users/baileyblankenship/Documents/Workspace/Embedded/Projects/mgos-timer-test/deps/dht/src" to "/Users/baileyblankenship/Documents/Workspace/Embedded/Projects/mgos-timer-test/deps/dht/src"
mount from "/Users/baileyblankenship/Documents/Workspace/Embedded/Projects/mgos-timer-test/deps/http-server/src" to "/Users/baileyblankenship/Documents/Workspace/Embedded/Projects/mgos-timer-test/deps/http-server/src"
mount from "/Users/baileyblankenship/Documents/Workspace/Embedded/Projects/mgos-timer-test/deps/dns-sd/src" to "/Users/baileyblankenship/Documents/Workspace/Embedded/Projects/mgos-timer-test/deps/dns-sd/src"
mount from "/Users/baileyblankenship/Documents/Workspace/Embedded/Projects/mgos-timer-test/deps/dns-sd/src/lwip" to "/Users/baileyblankenship/Documents/Workspace/Embedded/Projects/mgos-timer-test/deps/dns-sd/src/lwip"
mount from "/Users/baileyblankenship/Documents/Workspace/Embedded/Projects/mgos-timer-test/deps/ethernet/src" to "/Users/baileyblankenship/Documents/Workspace/Embedded/Projects/mgos-timer-test/deps/ethernet/src"
mount from "/Users/baileyblankenship/Documents/Workspace/Embedded/Projects/mgos-timer-test/deps/ethernet/src/esp32" to "/Users/baileyblankenship/Documents/Workspace/Embedded/Projects/mgos-timer-test/deps/ethernet/src/esp32"
mount from "/Users/baileyblankenship/Documents/Workspace/Embedded/Projects/mgos-timer-test/deps/fstab/src" to "/Users/baileyblankenship/Documents/Workspace/Embedded/Projects/mgos-timer-test/deps/fstab/src"
mount from "/Users/baileyblankenship/Documents/Workspace/Embedded/Projects/mgos-timer-test/deps/gcp/src" to "/Users/baileyblankenship/Documents/Workspace/Embedded/Projects/mgos-timer-test/deps/gcp/src"
mount from "/Users/baileyblankenship/Documents/Workspace/Embedded/Projects/mgos-timer-test/deps/neopixel/src" to "/Users/baileyblankenship/Documents/Workspace/Embedded/Projects/mgos-timer-test/deps/neopixel/src"
mount from "/Users/baileyblankenship/Documents/Workspace/Embedded/Projects/mgos-timer-test/deps/provision/src" to "/Users/baileyblankenship/Documents/Workspace/Embedded/Projects/mgos-timer-test/deps/provision/src"
mount from "/Users/baileyblankenship/Documents/Workspace/Embedded/Projects/mgos-timer-test/deps/rpc-azure/src" to "/Users/baileyblankenship/Documents/Workspace/Embedded/Projects/mgos-timer-test/deps/rpc-azure/src"
mount from "/Users/baileyblankenship/Documents/Workspace/Embedded/Projects/mgos-timer-test/deps/rpc-gatts/src" to "/Users/baileyblankenship/Documents/Workspace/Embedded/Projects/mgos-timer-test/deps/rpc-gatts/src"
mount from "/Users/baileyblankenship/Documents/Workspace/Embedded/Projects/mgos-timer-test/deps/rpc-gcp/src" to "/Users/baileyblankenship/Documents/Workspace/Embedded/Projects/mgos-timer-test/deps/rpc-gcp/src"
mount from "/Users/baileyblankenship/Documents/Workspace/Embedded/Projects/mgos-timer-test/deps/rpc-loopback/src" to "/Users/baileyblankenship/Documents/Workspace/Embedded/Projects/mgos-timer-test/deps/rpc-loopback/src"
mount from "/Users/baileyblankenship/Documents/Workspace/Embedded/Projects/mgos-timer-test/deps/rpc-mqtt/src" to "/Users/baileyblankenship/Documents/Workspace/Embedded/Projects/mgos-timer-test/deps/rpc-mqtt/src"
mount from "/Users/baileyblankenship/Documents/Workspace/Embedded/Projects/mgos-timer-test/deps/rpc-service-atca/src" to "/Users/baileyblankenship/Documents/Workspace/Embedded/Projects/mgos-timer-test/deps/rpc-service-atca/src"
mount from "/Users/baileyblankenship/Documents/Workspace/Embedded/Projects/mgos-timer-test/deps/rpc-service-config/src" to "/Users/baileyblankenship/Documents/Workspace/Embedded/Projects/mgos-timer-test/deps/rpc-service-config/src"
mount from "/Users/baileyblankenship/Documents/Workspace/Embedded/Projects/mgos-timer-test/deps/rpc-service-fs/src" to "/Users/baileyblankenship/Documents/Workspace/Embedded/Projects/mgos-timer-test/deps/rpc-service-fs/src"
mount from "/Users/baileyblankenship/Documents/Workspace/Embedded/Projects/mgos-timer-test/deps/rpc-service-gpio/src" to "/Users/baileyblankenship/Documents/Workspace/Embedded/Projects/mgos-timer-test/deps/rpc-service-gpio/src"
mount from "/Users/baileyblankenship/Documents/Workspace/Embedded/Projects/mgos-timer-test/deps/wifi/src" to "/Users/baileyblankenship/Documents/Workspace/Embedded/Projects/mgos-timer-test/deps/wifi/src"
mount from "/Users/baileyblankenship/Documents/Workspace/Embedded/Projects/mgos-timer-test/deps/wifi/src/esp32" to "/Users/baileyblankenship/Documents/Workspace/Embedded/Projects/mgos-timer-test/deps/wifi/src/esp32"
mount from "/Users/baileyblankenship/Documents/Workspace/Embedded/Projects/mgos-timer-test/deps/rpc-service-wifi/src" to "/Users/baileyblankenship/Documents/Workspace/Embedded/Projects/mgos-timer-test/deps/rpc-service-wifi/src"
mount from "/Users/baileyblankenship/Documents/Workspace/Embedded/Projects/mgos-timer-test/deps/rpc-uart/src" to "/Users/baileyblankenship/Documents/Workspace/Embedded/Projects/mgos-timer-test/deps/rpc-uart/src"
mount from "/Users/baileyblankenship/Documents/Workspace/Embedded/Projects/mgos-timer-test/deps/spi/src" to "/Users/baileyblankenship/Documents/Workspace/Embedded/Projects/mgos-timer-test/deps/spi/src"
mount from "/Users/baileyblankenship/Documents/Workspace/Embedded/Projects/mgos-timer-test/deps/spi/src/esp32" to "/Users/baileyblankenship/Documents/Workspace/Embedded/Projects/mgos-timer-test/deps/spi/src/esp32"
mount from "/Users/baileyblankenship/Documents/Workspace/Embedded/Projects/mgos-timer-test/deps/vfs-dev-spi-flash/src" to "/Users/baileyblankenship/Documents/Workspace/Embedded/Projects/mgos-timer-test/deps/vfs-dev-spi-flash/src"
mount from "/Users/baileyblankenship/Documents/Workspace/Embedded/Projects/mgos-timer-test/deps/watson/src" to "/Users/baileyblankenship/Documents/Workspace/Embedded/Projects/mgos-timer-test/deps/watson/src"
mount from "/Users/baileyblankenship/Documents/Workspace/Embedded/Projects/mgos-timer-test/deps/demo-bundle/src" to "/Users/baileyblankenship/Documents/Workspace/Embedded/Projects/mgos-timer-test/deps/demo-bundle/src"
mount from "/Users/baileyblankenship/Documents/Workspace/Embedded/Projects/mgos-timer-test/deps/pppos/src" to "/Users/baileyblankenship/Documents/Workspace/Embedded/Projects/mgos-timer-test/deps/pppos/src"
mount from "/Users/baileyblankenship/Documents/Workspace/Embedded/Projects/mgos-timer-test/deps/adc/include" to "/Users/baileyblankenship/Documents/Workspace/Embedded/Projects/mgos-timer-test/deps/adc/include"
mount from "/Users/baileyblankenship/Documents/Workspace/Embedded/Projects/mgos-timer-test/deps/freertos/include" to "/Users/baileyblankenship/Documents/Workspace/Embedded/Projects/mgos-timer-test/deps/freertos/include"
mount from "/Users/baileyblankenship/Documents/Workspace/Embedded/Projects/mgos-timer-test/deps/i2c/include" to "/Users/baileyblankenship/Documents/Workspace/Embedded/Projects/mgos-timer-test/deps/i2c/include"
mount from "/Users/baileyblankenship/Documents/Workspace/Embedded/Projects/mgos-timer-test/deps/atca/include" to "/Users/baileyblankenship/Documents/Workspace/Embedded/Projects/mgos-timer-test/deps/atca/include"
mount from "/Users/baileyblankenship/Documents/Workspace/Embedded/Projects/mgos-timer-test/deps/atca/cryptoauthlib/lib" to "/Users/baileyblankenship/Documents/Workspace/Embedded/Projects/mgos-timer-test/deps/atca/cryptoauthlib/lib"
mount from "/Users/baileyblankenship/Documents/Workspace/Embedded/Projects/mgos-timer-test/deps/mbedtls/include" to "/Users/baileyblankenship/Documents/Workspace/Embedded/Projects/mgos-timer-test/deps/mbedtls/include"
mount from "/Users/baileyblankenship/Documents/Workspace/Embedded/Projects/mgos-timer-test/deps/mbedtls/include/esp32" to "/Users/baileyblankenship/Documents/Workspace/Embedded/Projects/mgos-timer-test/deps/mbedtls/include/esp32"
mount from "/Users/baileyblankenship/Documents/Workspace/Embedded/Projects/mgos-timer-test/deps/mbedtls/mbedtls/include" to "/Users/baileyblankenship/Documents/Workspace/Embedded/Projects/mgos-timer-test/deps/mbedtls/mbedtls/include"
mount from "/Users/baileyblankenship/Documents/Workspace/Embedded/Projects/mgos-timer-test/deps/vfs-common/include" to "/Users/baileyblankenship/Documents/Workspace/Embedded/Projects/mgos-timer-test/deps/vfs-common/include"
mount from "/Users/baileyblankenship/Documents/Workspace/Embedded/Projects/mgos-timer-test/deps/vfs-common/include/esp32" to "/Users/baileyblankenship/Documents/Workspace/Embedded/Projects/mgos-timer-test/deps/vfs-common/include/esp32"
mount from "/Users/baileyblankenship/Documents/Workspace/Embedded/Projects/mgos-timer-test/deps/mongoose/include" to "/Users/baileyblankenship/Documents/Workspace/Embedded/Projects/mgos-timer-test/deps/mongoose/include"
mount from "/Users/baileyblankenship/Documents/Workspace/Embedded/Projects/mgos-timer-test/deps/vfs-fs-lfs/include" to "/Users/baileyblankenship/Documents/Workspace/Embedded/Projects/mgos-timer-test/deps/vfs-fs-lfs/include"
mount from "/Users/baileyblankenship/Documents/Workspace/Embedded/Projects/mgos-timer-test/deps/vfs-fs-lfs/littlefs" to "/Users/baileyblankenship/Documents/Workspace/Embedded/Projects/mgos-timer-test/deps/vfs-fs-lfs/littlefs"
mount from "/Users/baileyblankenship/Documents/Workspace/Embedded/Projects/mgos-timer-test/deps/vfs-fs-lfs/littlefs1" to "/Users/baileyblankenship/Documents/Workspace/Embedded/Projects/mgos-timer-test/deps/vfs-fs-lfs/littlefs1"
mount from "/Users/baileyblankenship/Documents/Workspace/Embedded/Projects/mgos-timer-test/deps/vfs-fs-spiffs/include" to "/Users/baileyblankenship/Documents/Workspace/Embedded/Projects/mgos-timer-test/deps/vfs-fs-spiffs/include"
mount from "/Users/baileyblankenship/Documents/Workspace/Embedded/Projects/mgos-timer-test/deps/vfs-fs-spiffs/include/spiffs" to "/Users/baileyblankenship/Documents/Workspace/Embedded/Projects/mgos-timer-test/deps/vfs-fs-spiffs/include/spiffs"
mount from "/Users/baileyblankenship/Documents/Workspace/Embedded/Projects/mgos-timer-test/deps/vfs-fs-spiffs/include/esp32" to "/Users/baileyblankenship/Documents/Workspace/Embedded/Projects/mgos-timer-test/deps/vfs-fs-spiffs/include/esp32"
mount from "/Users/baileyblankenship/Documents/Workspace/Embedded/Projects/mgos-timer-test/deps/core/include" to "/Users/baileyblankenship/Documents/Workspace/Embedded/Projects/mgos-timer-test/deps/core/include"
mount from "/Users/baileyblankenship/Documents/Workspace/Embedded/Projects/mgos-timer-test/deps/mqtt/include" to "/Users/baileyblankenship/Documents/Workspace/Embedded/Projects/mgos-timer-test/deps/mqtt/include"
mount from "/Users/baileyblankenship/Documents/Workspace/Embedded/Projects/mgos-timer-test/deps/shadow/include" to "/Users/baileyblankenship/Documents/Workspace/Embedded/Projects/mgos-timer-test/deps/shadow/include"
mount from "/Users/baileyblankenship/Documents/Workspace/Embedded/Projects/mgos-timer-test/deps/aws/include" to "/Users/baileyblankenship/Documents/Workspace/Embedded/Projects/mgos-timer-test/deps/aws/include"
mount from "/Users/baileyblankenship/Documents/Workspace/Embedded/Projects/mgos-timer-test/deps/azure/include" to "/Users/baileyblankenship/Documents/Workspace/Embedded/Projects/mgos-timer-test/deps/azure/include"
mount from "/Users/baileyblankenship/Documents/Workspace/Embedded/Projects/mgos-timer-test/deps/bt-common/include" to "/Users/baileyblankenship/Documents/Workspace/Embedded/Projects/mgos-timer-test/deps/bt-common/include"
mount from "/Users/baileyblankenship/Documents/Workspace/Embedded/Projects/mgos-timer-test/deps/bt-common/include/esp32" to "/Users/baileyblankenship/Documents/Workspace/Embedded/Projects/mgos-timer-test/deps/bt-common/include/esp32"
mount from "/Users/baileyblankenship/Documents/Workspace/Embedded/Projects/mgos-timer-test/deps/ota-common/include" to "/Users/baileyblankenship/Documents/Workspace/Embedded/Projects/mgos-timer-test/deps/ota-common/include"
mount from "/Users/baileyblankenship/Documents/Workspace/Embedded/Projects/mgos-timer-test/deps/ota-common/include/esp32" to "/Users/baileyblankenship/Documents/Workspace/Embedded/Projects/mgos-timer-test/deps/ota-common/include/esp32"
mount from "/Users/baileyblankenship/Documents/Workspace/Embedded/Projects/mgos-timer-test/deps/ota-http-client/include" to "/Users/baileyblankenship/Documents/Workspace/Embedded/Projects/mgos-timer-test/deps/ota-http-client/include"
mount from "/Users/baileyblankenship/Documents/Workspace/Embedded/Projects/mgos-timer-test/deps/rpc-common/include" to "/Users/baileyblankenship/Documents/Workspace/Embedded/Projects/mgos-timer-test/deps/rpc-common/include"
mount from "/Users/baileyblankenship/Documents/Workspace/Embedded/Projects/mgos-timer-test/deps/rpc-ws/include" to "/Users/baileyblankenship/Documents/Workspace/Embedded/Projects/mgos-timer-test/deps/rpc-ws/include"
mount from "/Users/baileyblankenship/Documents/Workspace/Embedded/Projects/mgos-timer-test/deps/dash/include" to "/Users/baileyblankenship/Documents/Workspace/Embedded/Projects/mgos-timer-test/deps/dash/include"
mount from "/Users/baileyblankenship/Documents/Workspace/Embedded/Projects/mgos-timer-test/deps/dht/include" to "/Users/baileyblankenship/Documents/Workspace/Embedded/Projects/mgos-timer-test/deps/dht/include"
mount from "/Users/baileyblankenship/Documents/Workspace/Embedded/Projects/mgos-timer-test/deps/http-server/include" to "/Users/baileyblankenship/Documents/Workspace/Embedded/Projects/mgos-timer-test/deps/http-server/include"
mount from "/Users/baileyblankenship/Documents/Workspace/Embedded/Projects/mgos-timer-test/deps/dns-sd/include" to "/Users/baileyblankenship/Documents/Workspace/Embedded/Projects/mgos-timer-test/deps/dns-sd/include"
mount from "/Users/baileyblankenship/Documents/Workspace/Embedded/Projects/mgos-timer-test/deps/gcp/include" to "/Users/baileyblankenship/Documents/Workspace/Embedded/Projects/mgos-timer-test/deps/gcp/include"
mount from "/Users/baileyblankenship/Documents/Workspace/Embedded/Projects/mgos-timer-test/deps/neopixel/include" to "/Users/baileyblankenship/Documents/Workspace/Embedded/Projects/mgos-timer-test/deps/neopixel/include"
mount from "/Users/baileyblankenship/Documents/Workspace/Embedded/Projects/mgos-timer-test/deps/provision/include" to "/Users/baileyblankenship/Documents/Workspace/Embedded/Projects/mgos-timer-test/deps/provision/include"
mount from "/Users/baileyblankenship/Documents/Workspace/Embedded/Projects/mgos-timer-test/deps/rpc-loopback/include" to "/Users/baileyblankenship/Documents/Workspace/Embedded/Projects/mgos-timer-test/deps/rpc-loopback/include"
mount from "/Users/baileyblankenship/Documents/Workspace/Embedded/Projects/mgos-timer-test/deps/rpc-mqtt/include" to "/Users/baileyblankenship/Documents/Workspace/Embedded/Projects/mgos-timer-test/deps/rpc-mqtt/include"
mount from "/Users/baileyblankenship/Documents/Workspace/Embedded/Projects/mgos-timer-test/deps/rpc-service-config/include" to "/Users/baileyblankenship/Documents/Workspace/Embedded/Projects/mgos-timer-test/deps/rpc-service-config/include"
mount from "/Users/baileyblankenship/Documents/Workspace/Embedded/Projects/mgos-timer-test/deps/rpc-service-fs/include" to "/Users/baileyblankenship/Documents/Workspace/Embedded/Projects/mgos-timer-test/deps/rpc-service-fs/include"
mount from "/Users/baileyblankenship/Documents/Workspace/Embedded/Projects/mgos-timer-test/deps/rpc-service-gpio/include" to "/Users/baileyblankenship/Documents/Workspace/Embedded/Projects/mgos-timer-test/deps/rpc-service-gpio/include"
mount from "/Users/baileyblankenship/Documents/Workspace/Embedded/Projects/mgos-timer-test/deps/rpc-service-ota/include" to "/Users/baileyblankenship/Documents/Workspace/Embedded/Projects/mgos-timer-test/deps/rpc-service-ota/include"
mount from "/Users/baileyblankenship/Documents/Workspace/Embedded/Projects/mgos-timer-test/deps/wifi/include" to "/Users/baileyblankenship/Documents/Workspace/Embedded/Projects/mgos-timer-test/deps/wifi/include"
mount from "/Users/baileyblankenship/Documents/Workspace/Embedded/Projects/mgos-timer-test/deps/wifi/include/esp32" to "/Users/baileyblankenship/Documents/Workspace/Embedded/Projects/mgos-timer-test/deps/wifi/include/esp32"
mount from "/Users/baileyblankenship/Documents/Workspace/Embedded/Projects/mgos-timer-test/deps/rpc-uart/include" to "/Users/baileyblankenship/Documents/Workspace/Embedded/Projects/mgos-timer-test/deps/rpc-uart/include"
mount from "/Users/baileyblankenship/Documents/Workspace/Embedded/Projects/mgos-timer-test/deps/spi/include" to "/Users/baileyblankenship/Documents/Workspace/Embedded/Projects/mgos-timer-test/deps/spi/include"
mount from "/Users/baileyblankenship/Documents/Workspace/Embedded/Projects/mgos-timer-test/deps/vfs-dev-spi-flash/include" to "/Users/baileyblankenship/Documents/Workspace/Embedded/Projects/mgos-timer-test/deps/vfs-dev-spi-flash/include"
mount from "/Users/baileyblankenship/Documents/Workspace/Embedded/Projects/mgos-timer-test/deps/watson/include" to "/Users/baileyblankenship/Documents/Workspace/Embedded/Projects/mgos-timer-test/deps/watson/include"
mount from "/Users/baileyblankenship/Documents/Workspace/Embedded/Projects/mgos-timer-test/deps/pppos/include" to "/Users/baileyblankenship/Documents/Workspace/Embedded/Projects/mgos-timer-test/deps/pppos/include"
mount from "/Users/baileyblankenship/Documents/Workspace/Embedded/Projects/mgos-timer-test/deps/ca-bundle/fs" to "/Users/baileyblankenship/Documents/Workspace/Embedded/Projects/mgos-timer-test/deps/ca-bundle/fs"
mount from "/Users/baileyblankenship/Documents/Workspace/Embedded/Projects/mgos-timer-test/fs" to "/Users/baileyblankenship/Documents/Workspace/Embedded/Projects/mgos-timer-test/fs"
mount from "/Users/baileyblankenship/Documents/Workspace/Embedded/Projects/mgos-timer-test/build/objs" to "/Users/baileyblankenship/Documents/Workspace/Embedded/Projects/mgos-timer-test/build/objs"
mount from "/Users/baileyblankenship/Documents/Workspace/Embedded/Projects/mgos-timer-test/build/objs" to "/Users/baileyblankenship/Documents/Workspace/Embedded/Projects/mgos-timer-test/build/objs"
mount from "/Users/baileyblankenship/Documents/Workspace/Embedded/Projects/mgos-timer-test/build/objs" to "/Users/baileyblankenship/Documents/Workspace/Embedded/Projects/mgos-timer-test/build/objs"
mount from "/Users/baileyblankenship/Documents/Workspace/Embedded/Projects/mgos-timer-test/build/objs" to "/Users/baileyblankenship/Documents/Workspace/Embedded/Projects/mgos-timer-test/build/objs"
mount from "/Users/baileyblankenship/Documents/Workspace/Embedded/Projects/mgos-timer-test/build/objs" to "/Users/baileyblankenship/Documents/Workspace/Embedded/Projects/mgos-timer-test/build/objs"
mount from "/Users/baileyblankenship/Documents/Workspace/Embedded/Projects/mgos-timer-test/build/objs" to "/Users/baileyblankenship/Documents/Workspace/Embedded/Projects/mgos-timer-test/build/objs"
mount from "/Users/baileyblankenship/Documents/Workspace/Embedded/Projects/mgos-timer-test/build/objs" to "/Users/baileyblankenship/Documents/Workspace/Embedded/Projects/mgos-timer-test/build/objs"
mount from "/Users/baileyblankenship/Documents/Workspace/Embedded/Projects/mgos-timer-test/build/objs" to "/Users/baileyblankenship/Documents/Workspace/Embedded/Projects/mgos-timer-test/build/objs"
mount from "/Users/baileyblankenship/Documents/Workspace/Embedded/Projects/mgos-timer-test/build/gen" to "/Users/baileyblankenship/Documents/Workspace/Embedded/Projects/mgos-timer-test/build/gen"
Docker arguments: run --name mos_build_2019-09-22T18-46-00-00_6467415586946534484 --rm -i -v /Users/baileyblankenship/Documents/Workspace/Embedded/Projects/mgos-timer-test/deps/core/include:/Users/baileyblankenship/Documents/Workspace/Embedded/Projects/mgos-timer-test/deps/core/include -v /Users/baileyblankenship/Documents/Workspace/Embedded/Projects/mgos-timer-test/deps/http-server/include:/Users/baileyblankenship/Documents/Workspace/Embedded/Projects/mgos-timer-test/deps/http-server/include -v /Users/baileyblankenship/Documents/Workspace/Embedded/Projects/mgos-timer-test/deps/rpc-ws/src:/Users/baileyblankenship/Documents/Workspace/Embedded/Projects/mgos-timer-test/deps/rpc-ws/src -v /Users/baileyblankenship/Documents/Workspace/Embedded/Projects/mgos-timer-test/deps/mbedtls/include/esp32:/Users/baileyblankenship/Documents/Workspace/Embedded/Projects/mgos-timer-test/deps/mbedtls/include/esp32 -v /Users/baileyblankenship/Documents/Workspace/Embedded/Projects/mgos-timer-test/deps/neopixel/include:/Users/baileyblankenship/Documents/Workspace/Embedded/Projects/mgos-timer-test/deps/neopixel/include -v /Users/baileyblankenship/Documents/Workspace/Embedded/Projects/mgos-timer-test/deps/i2c/src/esp32:/Users/baileyblankenship/Documents/Workspace/Embedded/Projects/mgos-timer-test/deps/i2c/src/esp32 -v /Users/baileyblankenship/Documents/Workspace/Embedded/Projects/mgos-timer-test/deps/vfs-fs-spiffs/include/spiffs:/Users/baileyblankenship/Documents/Workspace/Embedded/Projects/mgos-timer-test/deps/vfs-fs-spiffs/include/spiffs -v /Users/baileyblankenship/Documents/Workspace/Embedded/Projects/mgos-timer-test/deps/neopixel/src:/Users/baileyblankenship/Documents/Workspace/Embedded/Projects/mgos-timer-test/deps/neopixel/src -v /Users/baileyblankenship/Documents/Workspace/Embedded/Projects/mgos-timer-test/deps/rpc-service-fs/src:/Users/baileyblankenship/Documents/Workspace/Embedded/Projects/mgos-timer-test/deps/rpc-service-fs/src -v /Users/baileyblankenship/Documents/Workspace/Embedded/Projects/mgos-timer-test/deps/wifi/src:/Users/baileyblankenship/Documents/Workspace/Embedded/Projects/mgos-timer-test/deps/wifi/src -v /Users/baileyblankenship/Documents/Workspace/Embedded/Projects/mgos-timer-test/deps/vfs-common/include:/Users/baileyblankenship/Documents/Workspace/Embedded/Projects/mgos-timer-test/deps/vfs-common/include -v /Users/baileyblankenship/Documents/Workspace/Embedded/Projects/mgos-timer-test/deps/vfs-common/src/esp32:/Users/baileyblankenship/Documents/Workspace/Embedded/Projects/mgos-timer-test/deps/vfs-common/src/esp32 -v /Users/baileyblankenship/Documents/Workspace/Embedded/Projects/mgos-timer-test/deps/i2c/include:/Users/baileyblankenship/Documents/Workspace/Embedded/Projects/mgos-timer-test/deps/i2c/include -v /Users/baileyblankenship/Documents/Workspace/Embedded/Projects/mgos-timer-test/deps/rpc-mqtt/include:/Users/baileyblankenship/Documents/Workspace/Embedded/Projects/mgos-timer-test/deps/rpc-mqtt/include -v /Users/baileyblankenship/Documents/Workspace/Embedded/Projects/mgos-timer-test/deps/rpc-service-gpio/include:/Users/baileyblankenship/Documents/Workspace/Embedded/Projects/mgos-timer-test/deps/rpc-service-gpio/include -v /Users/baileyblankenship/Documents/Workspace/Embedded/Projects/mgos-timer-test/deps/freertos/include:/Users/baileyblankenship/Documents/Workspace/Embedded/Projects/mgos-timer-test/deps/freertos/include -v /Users/baileyblankenship/Documents/Workspace/Embedded/Projects/mgos-timer-test/deps/gcp/include:/Users/baileyblankenship/Documents/Workspace/Embedded/Projects/mgos-timer-test/deps/gcp/include -v /Users/baileyblankenship/Documents/Workspace/Embedded/Projects/mgos-timer-test/deps/rpc-service-fs/include:/Users/baileyblankenship/Documents/Workspace/Embedded/Projects/mgos-timer-test/deps/rpc-service-fs/include -v /Users/baileyblankenship/Documents/Workspace/Embedded/Projects/mgos-timer-test/deps/rpc-gatts/src:/Users/baileyblankenship/Documents/Workspace/Embedded/Projects/mgos-timer-test/deps/rpc-gatts/src -v /Users/baileyblankenship/Documents/Workspace/Embedded/Projects/mgos-timer-test/deps/rpc-common/src:/Users/baileyblankenship/Documents/Workspace/Embedded/Projects/mgos-timer-test/deps/rpc-common/src -v /Users/baileyblankenship/Documents/Workspace/Embedded/Projects/mgos-timer-test/deps/aws/include:/Users/baileyblankenship/Documents/Workspace/Embedded/Projects/mgos-timer-test/deps/aws/include -v /Users/baileyblankenship/Documents/Workspace/Embedded/Projects/mgos-timer-test/deps/dash/include:/Users/baileyblankenship/Documents/Workspace/Embedded/Projects/mgos-timer-test/deps/dash/include -v /Users/baileyblankenship/Documents/Workspace/Embedded/Projects/mgos-timer-test/build:/Users/baileyblankenship/Documents/Workspace/Embedded/Projects/mgos-timer-test/build -v /Users/baileyblankenship/Documents/Workspace/Embedded/Projects/mgos-timer-test/deps/shadow/include:/Users/baileyblankenship/Documents/Workspace/Embedded/Projects/mgos-timer-test/deps/shadow/include -v /Users/baileyblankenship/Documents/Workspace/Embedded/Projects/mgos-timer-test/deps/ota-common/include/esp32:/Users/baileyblankenship/Documents/Workspace/Embedded/Projects/mgos-timer-test/deps/ota-common/include/esp32 -v /Users/baileyblankenship/Documents/Workspace/Embedded/Projects/mgos-timer-test/deps/adc/include:/Users/baileyblankenship/Documents/Workspace/Embedded/Projects/mgos-timer-test/deps/adc/include -v /Users/baileyblankenship/Documents/Workspace/Embedded/Projects/mgos-timer-test/build/gen:/Users/baileyblankenship/Documents/Workspace/Embedded/Projects/mgos-timer-test/build/gen -v /Users/baileyblankenship/Documents/Workspace/Embedded/Projects/mgos-timer-test/deps/i2c/src:/Users/baileyblankenship/Documents/Workspace/Embedded/Projects/mgos-timer-test/deps/i2c/src -v /Users/baileyblankenship/Documents/Workspace/Embedded/Projects/mgos-timer-test/deps/rpc-gcp/src:/Users/baileyblankenship/Documents/Workspace/Embedded/Projects/mgos-timer-test/deps/rpc-gcp/src -v /Users/baileyblankenship/Documents/Workspace/Embedded/Projects/mgos-timer-test/deps/rpc-uart/src:/Users/baileyblankenship/Documents/Workspace/Embedded/Projects/mgos-timer-test/deps/rpc-uart/src -v /Users/baileyblankenship/Documents/Workspace/Embedded/Projects/mgos-timer-test/deps/wifi/include:/Users/baileyblankenship/Documents/Workspace/Embedded/Projects/mgos-timer-test/deps/wifi/include -v /Users/baileyblankenship/Documents/Workspace/Embedded/Projects/mgos-timer-test/deps/atca/cryptoauthlib/lib/hal:/Users/baileyblankenship/Documents/Workspace/Embedded/Projects/mgos-timer-test/deps/atca/cryptoauthlib/lib/hal -v /Users/baileyblankenship/Documents/Workspace/Embedded/Projects/mgos-timer-test/deps/dht/src:/Users/baileyblankenship/Documents/Workspace/Embedded/Projects/mgos-timer-test/deps/dht/src -v /Users/baileyblankenship/Documents/Workspace/Embedded/Projects/mgos-timer-test/deps/dns-sd/src/lwip:/Users/baileyblankenship/Documents/Workspace/Embedded/Projects/mgos-timer-test/deps/dns-sd/src/lwip -v /Users/baileyblankenship/Documents/Workspace/Embedded/Projects/mgos-timer-test/deps/provision/src:/Users/baileyblankenship/Documents/Workspace/Embedded/Projects/mgos-timer-test/deps/provision/src -v /Users/baileyblankenship/Documents/Workspace/Embedded/Projects/mgos-timer-test/build/objs:/Users/baileyblankenship/Documents/Workspace/Embedded/Projects/mgos-timer-test/build/objs -v /Users/baileyblankenship/Documents/Workspace/Embedded/Projects/mgos-timer-test:/app -v /Users/baileyblankenship/Documents/Workspace/Embedded/Projects/mgos-timer-test/deps/azure/src:/Users/baileyblankenship/Documents/Workspace/Embedded/Projects/mgos-timer-test/deps/azure/src -v /Users/baileyblankenship/Documents/Workspace/Embedded/Projects/mgos-timer-test/deps/rpc-service-config/src:/Users/baileyblankenship/Documents/Workspace/Embedded/Projects/mgos-timer-test/deps/rpc-service-config/src -v /Users/baileyblankenship/Documents/Workspace/Embedded/Projects/mgos-timer-test/deps/vfs-common/include/esp32:/Users/baileyblankenship/Documents/Workspace/Embedded/Projects/mgos-timer-test/deps/vfs-common/include/esp32 -v /Users/baileyblankenship/Documents/Workspace/Embedded/Projects/mgos-timer-test/deps/rpc-service-config/include:/Users/baileyblankenship/Documents/Workspace/Embedded/Projects/mgos-timer-test/deps/rpc-service-config/include -v /Users/baileyblankenship/Documents/Workspace/Embedded/Projects/mgos-timer-test/deps/http-server/src:/Users/baileyblankenship/Documents/Workspace/Embedded/Projects/mgos-timer-test/deps/http-server/src -v /Users/baileyblankenship/Documents/Workspace/Embedded/Projects/mgos-timer-test/deps/gcp/src:/Users/baileyblankenship/Documents/Workspace/Embedded/Projects/mgos-timer-test/deps/gcp/src -v /Users/baileyblankenship/Documents/Workspace/Embedded/Projects/mgos-timer-test/deps/pppos/src:/Users/baileyblankenship/Documents/Workspace/Embedded/Projects/mgos-timer-test/deps/pppos/src -v /Users/baileyblankenship/Documents/Workspace/Embedded/Projects/mgos-timer-test/deps/provision/include:/Users/baileyblankenship/Documents/Workspace/Embedded/Projects/mgos-timer-test/deps/provision/include -v /Users/baileyblankenship/Documents/Workspace/Embedded/Projects/mgos-timer-test/deps/ota-common/include:/Users/baileyblankenship/Documents/Workspace/Embedded/Projects/mgos-timer-test/deps/ota-common/include -v /Users/baileyblankenship/Documents/Workspace/Embedded/Projects/mgos-timer-test/deps/modules/mongoose-os:/Users/baileyblankenship/Documents/Workspace/Embedded/Projects/mgos-timer-test/deps/modules/mongoose-os -v /Users/baileyblankenship/Documents/Workspace/Embedded/Projects/mgos-timer-test/deps/azure/include:/Users/baileyblankenship/Documents/Workspace/Embedded/Projects/mgos-timer-test/deps/azure/include -v /Users/baileyblankenship/Documents/Workspace/Embedded/Projects/mgos-timer-test/deps/spi/include:/Users/baileyblankenship/Documents/Workspace/Embedded/Projects/mgos-timer-test/deps/spi/include -v /Users/baileyblankenship/Documents/Workspace/Embedded/Projects/mgos-timer-test/deps/mbedtls/include:/Users/baileyblankenship/Documents/Workspace/Embedded/Projects/mgos-timer-test/deps/mbedtls/include -v /Users/baileyblankenship/Documents/Workspace/Embedded/Projects/mgos-timer-test/deps/ota-http-client/include:/Users/baileyblankenship/Documents/Workspace/Embedded/Projects/mgos-timer-test/deps/ota-http-client/include -v /Users/baileyblankenship/Documents/Workspace/Embedded/Projects/mgos-timer-test/deps/atca/cryptoauthlib/lib/crypto:/Users/baileyblankenship/Documents/Workspace/Embedded/Projects/mgos-timer-test/deps/atca/cryptoauthlib/lib/crypto -v /Users/baileyblankenship/Documents/Workspace/Embedded/Projects/mgos-timer-test/deps/vfs-fs-spiffs/src:/Users/baileyblankenship/Documents/Workspace/Embedded/Projects/mgos-timer-test/deps/vfs-fs-spiffs/src -v /Users/baileyblankenship/Documents/Workspace/Embedded/Projects/mgos-timer-test/deps/core/src:/Users/baileyblankenship/Documents/Workspace/Embedded/Projects/mgos-timer-test/deps/core/src -v /Users/baileyblankenship/Documents/Workspace/Embedded/Projects/mgos-timer-test/deps/ethernet/src:/Users/baileyblankenship/Documents/Workspace/Embedded/Projects/mgos-timer-test/deps/ethernet/src -v /Users/baileyblankenship/Documents/Workspace/Embedded/Projects/mgos-timer-test/deps/freertos/src:/Users/baileyblankenship/Documents/Workspace/Embedded/Projects/mgos-timer-test/deps/freertos/src -v /Users/baileyblankenship/Documents/Workspace/Embedded/Projects/mgos-timer-test/deps/atca/src:/Users/baileyblankenship/Documents/Workspace/Embedded/Projects/mgos-timer-test/deps/atca/src -v /Users/baileyblankenship/Documents/Workspace/Embedded/Projects/mgos-timer-test/deps/spi/src/esp32:/Users/baileyblankenship/Documents/Workspace/Embedded/Projects/mgos-timer-test/deps/spi/src/esp32 -v /Users/baileyblankenship/Documents/Workspace/Embedded/Projects/mgos-timer-test/deps/pppos/include:/Users/baileyblankenship/Documents/Workspace/Embedded/Projects/mgos-timer-test/deps/pppos/include -v /Users/baileyblankenship/Documents/Workspace/Embedded/Projects/mgos-timer-test/deps/ethernet/src/esp32:/Users/baileyblankenship/Documents/Workspace/Embedded/Projects/mgos-timer-test/deps/ethernet/src/esp32 -v /Users/baileyblankenship/Documents/Workspace/Embedded/Projects/mgos-timer-test/deps/rpc-mqtt/src:/Users/baileyblankenship/Documents/Workspace/Embedded/Projects/mgos-timer-test/deps/rpc-mqtt/src -v /Users/baileyblankenship/Documents/Workspace/Embedded/Projects/mgos-timer-test/deps/vfs-dev-spi-flash/src:/Users/baileyblankenship/Documents/Workspace/Embedded/Projects/mgos-timer-test/deps/vfs-dev-spi-flash/src -v /Users/baileyblankenship/Documents/Workspace/Embedded/Projects/mgos-timer-test/deps/vfs-fs-lfs/include:/Users/baileyblankenship/Documents/Workspace/Embedded/Projects/mgos-timer-test/deps/vfs-fs-lfs/include -v /Users/baileyblankenship/Documents/Workspace/Embedded/Projects/mgos-timer-test/deps/rpc-uart/include:/Users/baileyblankenship/Documents/Workspace/Embedded/Projects/mgos-timer-test/deps/rpc-uart/include -v /Users/baileyblankenship/Documents/Workspace/Embedded/Projects/mgos-timer-test/deps/aws/src:/Users/baileyblankenship/Documents/Workspace/Embedded/Projects/mgos-timer-test/deps/aws/src -v /Users/baileyblankenship/Documents/Workspace/Embedded/Projects/mgos-timer-test/deps/wifi/src/esp32:/Users/baileyblankenship/Documents/Workspace/Embedded/Projects/mgos-timer-test/deps/wifi/src/esp32 -v /Users/baileyblankenship/Documents/Workspace/Embedded/Projects/mgos-timer-test/deps/demo-bundle/src:/Users/baileyblankenship/Documents/Workspace/Embedded/Projects/mgos-timer-test/deps/demo-bundle/src -v /Users/baileyblankenship/Documents/Workspace/Embedded/Projects/mgos-timer-test/deps/rpc-common/include:/Users/baileyblankenship/Documents/Workspace/Embedded/Projects/mgos-timer-test/deps/rpc-common/include -v /Users/baileyblankenship/Documents/Workspace/Embedded/Projects/mgos-timer-test/deps/dht/include:/Users/baileyblankenship/Documents/Workspace/Embedded/Projects/mgos-timer-test/deps/dht/include -v /Users/baileyblankenship/Documents/Workspace/Embedded/Projects/mgos-timer-test/deps/atca/cryptoauthlib/lib:/Users/baileyblankenship/Documents/Workspace/Embedded/Projects/mgos-timer-test/deps/atca/cryptoauthlib/lib -v /Users/baileyblankenship/Documents/Workspace/Embedded/Projects/mgos-timer-test/deps/sntp/src:/Users/baileyblankenship/Documents/Workspace/Embedded/Projects/mgos-timer-test/deps/sntp/src -v /Users/baileyblankenship/Documents/Workspace/Embedded/Projects/mgos-timer-test/deps/modules/mongoose-os:/mongoose-os -v /Users/baileyblankenship/Documents/Workspace/Embedded/Projects/mgos-timer-test/deps/rpc-azure/src:/Users/baileyblankenship/Documents/Workspace/Embedded/Projects/mgos-timer-test/deps/rpc-azure/src -v /Users/baileyblankenship/Documents/Workspace/Embedded/Projects/mgos-timer-test/deps/vfs-dev-spi-flash/include:/Users/baileyblankenship/Documents/Workspace/Embedded/Projects/mgos-timer-test/deps/vfs-dev-spi-flash/include -v /Users/baileyblankenship/Documents/Workspace/Embedded/Projects/mgos-timer-test/deps/vfs-fs-spiffs/src/spiffs:/Users/baileyblankenship/Documents/Workspace/Embedded/Projects/mgos-timer-test/deps/vfs-fs-spiffs/src/spiffs -v /Users/baileyblankenship/Documents/Workspace/Embedded/Projects/mgos-timer-test/deps/rpc-loopback/src:/Users/baileyblankenship/Documents/Workspace/Embedded/Projects/mgos-timer-test/deps/rpc-loopback/src -v /Users/baileyblankenship/Documents/Workspace/Embedded/Projects/mgos-timer-test/deps/watson/include:/Users/baileyblankenship/Documents/Workspace/Embedded/Projects/mgos-timer-test/deps/watson/include -v /Users/baileyblankenship/Documents/Workspace/Embedded/Projects/mgos-timer-test/deps/adc/esp32/src:/Users/baileyblankenship/Documents/Workspace/Embedded/Projects/mgos-timer-test/deps/adc/esp32/src -v /Users/baileyblankenship/Documents/Workspace/Embedded/Projects/mgos-timer-test/deps/atca/cryptoauthlib/lib/basic:/Users/baileyblankenship/Documents/Workspace/Embedded/Projects/mgos-timer-test/deps/atca/cryptoauthlib/lib/basic -v /Users/baileyblankenship/Documents/Workspace/Embedded/Projects/mgos-timer-test/deps/vfs-fs-lfs/littlefs:/Users/baileyblankenship/Documents/Workspace/Embedded/Projects/mgos-timer-test/deps/vfs-fs-lfs/littlefs -v /Users/baileyblankenship/Documents/Workspace/Embedded/Projects/mgos-timer-test/deps/rpc-loopback/include:/Users/baileyblankenship/Documents/Workspace/Embedded/Projects/mgos-timer-test/deps/rpc-loopback/include -v /Users/baileyblankenship/Documents/Workspace/Embedded/Projects/mgos-timer-test/deps/vfs-common/src:/Users/baileyblankenship/Documents/Workspace/Embedded/Projects/mgos-timer-test/deps/vfs-common/src -v /Users/baileyblankenship/Documents/Workspace/Embedded/Projects/mgos-timer-test/deps/vfs-fs-lfs/src:/Users/baileyblankenship/Documents/Workspace/Embedded/Projects/mgos-timer-test/deps/vfs-fs-lfs/src -v /Users/baileyblankenship/Documents/Workspace/Embedded/Projects/mgos-timer-test/deps/rpc-service-atca/src:/Users/baileyblankenship/Documents/Workspace/Embedded/Projects/mgos-timer-test/deps/rpc-service-atca/src -v /Users/baileyblankenship/Documents/Workspace/Embedded/Projects/mgos-timer-test/deps/watson/src:/Users/baileyblankenship/Documents/Workspace/Embedded/Projects/mgos-timer-test/deps/watson/src -v /Users/baileyblankenship/Documents/Workspace/Embedded/Projects/mgos-timer-test/deps/vfs-fs-spiffs/include:/Users/baileyblankenship/Documents/Workspace/Embedded/Projects/mgos-timer-test/deps/vfs-fs-spiffs/include -v /Users/baileyblankenship/Documents/Workspace/Embedded/Projects/mgos-timer-test/deps/dns-sd/include:/Users/baileyblankenship/Documents/Workspace/Embedded/Projects/mgos-timer-test/deps/dns-sd/include -v /Users/baileyblankenship/Documents/Workspace/Embedded/Projects/mgos-timer-test/deps/wifi/include/esp32:/Users/baileyblankenship/Documents/Workspace/Embedded/Projects/mgos-timer-test/deps/wifi/include/esp32 -v /Users/baileyblankenship/Documents/Workspace/Embedded/Projects/mgos-timer-test/deps/atca/cryptoauthlib/lib/host:/Users/baileyblankenship/Documents/Workspace/Embedded/Projects/mgos-timer-test/deps/atca/cryptoauthlib/lib/host -v /Users/baileyblankenship/Documents/Workspace/Embedded/Projects/mgos-timer-test/deps/mongoose/include:/Users/baileyblankenship/Documents/Workspace/Embedded/Projects/mgos-timer-test/deps/mongoose/include -v /Users/baileyblankenship/Documents/Workspace/Embedded/Projects/mgos-timer-test/deps/bt-common/include/esp32:/Users/baileyblankenship/Documents/Workspace/Embedded/Projects/mgos-timer-test/deps/bt-common/include/esp32 -v /Users/baileyblankenship/Documents/Workspace/Embedded/Projects/mgos-timer-test/deps/rpc-ws/include:/Users/baileyblankenship/Documents/Workspace/Embedded/Projects/mgos-timer-test/deps/rpc-ws/include -v /Users/baileyblankenship/Documents/Workspace/Embedded/Projects/mgos-timer-test/deps/mqtt/include:/Users/baileyblankenship/Documents/Workspace/Embedded/Projects/mgos-timer-test/deps/mqtt/include -v /Users/baileyblankenship/Documents/Workspace/Embedded/Projects/mgos-timer-test/deps/bt-service-debug/src:/Users/baileyblankenship/Documents/Workspace/Embedded/Projects/mgos-timer-test/deps/bt-service-debug/src -v /Users/baileyblankenship/Documents/Workspace/Embedded/Projects/mgos-timer-test/deps/vfs-fs-spiffs/include/esp32:/Users/baileyblankenship/Documents/Workspace/Embedded/Projects/mgos-timer-test/deps/vfs-fs-spiffs/include/esp32 -v /Users/baileyblankenship/Documents/Workspace/Embedded/Projects/mgos-timer-test/deps/rpc-service-ota/include:/Users/baileyblankenship/Documents/Workspace/Embedded/Projects/mgos-timer-test/deps/rpc-service-ota/include -v /Users/baileyblankenship/Documents/Workspace/Embedded/Projects/mgos-timer-test/deps/ca-bundle/fs:/Users/baileyblankenship/Documents/Workspace/Embedded/Projects/mgos-timer-test/deps/ca-bundle/fs -v /Users/baileyblankenship/Documents/Workspace/Embedded/Projects/mgos-timer-test/deps/dns-sd/src:/Users/baileyblankenship/Documents/Workspace/Embedded/Projects/mgos-timer-test/deps/dns-sd/src -v /Users/baileyblankenship/Documents/Workspace/Embedded/Projects/mgos-timer-test/deps/bt-common/include:/Users/baileyblankenship/Documents/Workspace/Embedded/Projects/mgos-timer-test/deps/bt-common/include -v /Users/baileyblankenship/Documents/Workspace/Embedded/Projects/mgos-timer-test/deps/mbedtls/mbedtls/include:/Users/baileyblankenship/Documents/Workspace/Embedded/Projects/mgos-timer-test/deps/mbedtls/mbedtls/include -v /Users/baileyblankenship/Documents/Workspace/Embedded/Projects/mgos-timer-test/deps/bt-common/src:/Users/baileyblankenship/Documents/Workspace/Embedded/Projects/mgos-timer-test/deps/bt-common/src -v /Users/baileyblankenship/Documents/Workspace/Embedded/Projects/mgos-timer-test/deps/fstab/src:/Users/baileyblankenship/Documents/Workspace/Embedded/Projects/mgos-timer-test/deps/fstab/src -v /Users/baileyblankenship/Documents/Workspace/Embedded/Projects/mgos-timer-test/deps/rpc-service-gpio/src:/Users/baileyblankenship/Documents/Workspace/Embedded/Projects/mgos-timer-test/deps/rpc-service-gpio/src -v /Users/baileyblankenship/Documents/Workspace/Embedded/Projects/mgos-timer-test/deps/rpc-service-wifi/src:/Users/baileyblankenship/Documents/Workspace/Embedded/Projects/mgos-timer-test/deps/rpc-service-wifi/src -v /Users/baileyblankenship/Documents/Workspace/Embedded/Projects/mgos-timer-test/src:/Users/baileyblankenship/Documents/Workspace/Embedded/Projects/mgos-timer-test/src -v /Users/baileyblankenship/Documents/Workspace/Embedded/Projects/mgos-timer-test/deps/vfs-fs-lfs/littlefs1:/Users/baileyblankenship/Documents/Workspace/Embedded/Projects/mgos-timer-test/deps/vfs-fs-lfs/littlefs1 -v /Users/baileyblankenship/Documents/Workspace/Embedded/Projects/mgos-timer-test/deps/mqtt/src:/Users/baileyblankenship/Documents/Workspace/Embedded/Projects/mgos-timer-test/deps/mqtt/src -v /Users/baileyblankenship/Documents/Workspace/Embedded/Projects/mgos-timer-test/deps/shadow/src:/Users/baileyblankenship/Documents/Workspace/Embedded/Projects/mgos-timer-test/deps/shadow/src -v /Users/baileyblankenship/Documents/Workspace/Embedded/Projects/mgos-timer-test/deps/atca/include:/Users/baileyblankenship/Documents/Workspace/Embedded/Projects/mgos-timer-test/deps/atca/include -v /Users/baileyblankenship/Documents/Workspace/Embedded/Projects/mgos-timer-test/fs:/Users/baileyblankenship/Documents/Workspace/Embedded/Projects/mgos-timer-test/fs -v /Users/baileyblankenship/Documents/Workspace/Embedded/Projects/mgos-timer-test/deps/bt-common/src/esp32:/Users/baileyblankenship/Documents/Workspace/Embedded/Projects/mgos-timer-test/deps/bt-common/src/esp32 -v /Users/baileyblankenship/Documents/Workspace/Embedded/Projects/mgos-timer-test/deps/spi/src:/Users/baileyblankenship/Documents/Workspace/Embedded/Projects/mgos-timer-test/deps/spi/src docker.io/mgos/esp32-build:3.3-r2 /bin/bash -c nice make '-j' '8' '-C' '/app' '-f' '/Users/baileyblankenship/Documents/Workspace/Embedded/Projects/mgos-timer-test/deps/modules/mongoose-os/platforms/esp32/Makefile.build' 'all' 'MGOS_VARS_FILE=/Users/baileyblankenship/Documents/Workspace/Embedded/Projects/mgos-timer-test/build/gen/vars.mk'
make: Entering directory '/app'
Toolchain path: /opt/Espressif/xtensa-esp32-elf/bin/xtensa-esp32-elf-gcc
Toolchain version: crosstool-ng-1.22.0-80-g6c4433a
Compiler version: 5.2.0
/Users/baileyblankenship/Documents/Workspace/Embedded/Projects/mgos-timer-test/deps/modules/mongoose-os/platforms/esp32/Makefile.build:186: warning: overriding recipe for target 'defconfig'
/opt/Espressif/esp-idf/make/project_config.mk:82: warning: ignoring old recipe for target 'defconfig'
/Users/baileyblankenship/Documents/Workspace/Embedded/Projects/mgos-timer-test/deps/modules/mongoose-os/platforms/esp32/Makefile.build:186: warning: overriding recipe for target 'menuconfig'
/opt/Espressif/esp-idf/make/project_config.mk:69: warning: ignoring old recipe for target 'menuconfig'
/Users/baileyblankenship/Documents/Workspace/Embedded/Projects/mgos-timer-test/deps/modules/mongoose-os/platforms/esp32/Makefile.build:228: warning: overriding recipe for target 'clean'
/opt/Espressif/esp-idf/components/app_update/Makefile.projbuild:48: warning: ignoring old recipe for target 'clean'
make[1]: Entering directory '/Users/baileyblankenship/Documents/Workspace/Embedded/Projects/mgos-timer-test/build/objs/app_update'
make[1]: Entering directory '/opt/Espressif/esp-idf/components/bootloader/subproject'
Python requirements from /opt/Espressif/esp-idf/requirements.txt are satisfied.
make[1]: Leaving directory '/opt/Espressif/esp-idf/components/bootloader/subproject'

make[1]: Entering directory '/Users/baileyblankenship/Documents/Workspace/Embedded/Projects/mgos-timer-test/build/objs/mosapp'
CXX MongooseTimer.o
App "mgos-timer-test" version: 3029e19
make[1]: Leaving directory '/Users/baileyblankenship/Documents/Workspace/Embedded/Projects/mgos-timer-test/build/objs/app_update'
  GEN   /Users/baileyblankenship/Documents/Workspace/Embedded/Projects/mgos-timer-test/build/gen/build_info.c
CC build_info.o
AR /Users/baileyblankenship/Documents/Workspace/Embedded/Projects/mgos-timer-test/build/objs/mosapp/libmosapp.a
make[1]: Leaving directory '/Users/baileyblankenship/Documents/Workspace/Embedded/Projects/mgos-timer-test/build/objs/mosapp'
Generating libmosapp.a.sections_info
Generating esp32.project.ld
LD /Users/baileyblankenship/Documents/Workspace/Embedded/Projects/mgos-timer-test/build/objs/mgos-timer-test.elf
esptool.py v2.8-dev
    App size: 1521264 of 1572864 (96%)
  CP    /Users/baileyblankenship/Documents/Workspace/Embedded/Projects/mgos-timer-test/deps/ca-bundle/fs/ca.pem -> /Users/baileyblankenship/Documents/Workspace/Embedded/Projects/mgos-timer-test/build/objs/fs
  CP    /Users/baileyblankenship/Documents/Workspace/Embedded/Projects/mgos-timer-test/fs/index.html -> /Users/baileyblankenship/Documents/Workspace/Embedded/Projects/mgos-timer-test/build/objs/fs
  CP    /Users/baileyblankenship/Documents/Workspace/Embedded/Projects/mgos-timer-test/build/gen/conf0.json -> /Users/baileyblankenship/Documents/Workspace/Embedded/Projects/mgos-timer-test/build/objs/fs
  MKFS  /usr/local/bin/mkspiffs8 262144 {bs: 4096, ps: 256, es: 4096} /Users/baileyblankenship/Documents/Workspace/Embedded/Projects/mgos-timer-test/build/objs/fs -> /Users/baileyblankenship/Documents/Workspace/Embedded/Projects/mgos-timer-test/build/objs/fw_temp/fs.img
     FS params: size=262144, bs=4096, ps=256, es=4096
       Adding index.html: 70
       Adding ca.pem: 27949
       Adding conf0.json: 3
     FS stats : space total=233681, used=29618, free=204063
  GEN    /Users/baileyblankenship/Documents/Workspace/Embedded/Projects/mgos-timer-test/build/objs/fw_temp/manifest.json
  ZIP    /Users/baileyblankenship/Documents/Workspace/Embedded/Projects/mgos-timer-test/build/fw/mgos-timer-test-esp32-last.zip
     Adding /Users/baileyblankenship/Documents/Workspace/Embedded/Projects/mgos-timer-test/build/objs/fw_temp/bootloader.bin
     Adding /Users/baileyblankenship/Documents/Workspace/Embedded/Projects/mgos-timer-test/build/objs/fw_temp/fs.img
     Adding /Users/baileyblankenship/Documents/Workspace/Embedded/Projects/mgos-timer-test/build/objs/fw_temp/mgos-timer-test.bin
     Adding /Users/baileyblankenship/Documents/Workspace/Embedded/Projects/mgos-timer-test/build/objs/fw_temp/otadata.bin
     Adding /Users/baileyblankenship/Documents/Workspace/Embedded/Projects/mgos-timer-test/build/objs/fw_temp/partitions_mgos.bin
  Built mgos-timer-test/esp32 version 1.0 (20190922-224608/latest-1-gab030be-master-dirty)
To flash all build output, run 'make flash' or:
python /opt/Espressif/esp-idf/components/esptool_py/esptool/esptool.py --chip esp32 --port /dev/ttyUSB0 --baud 1500000 --before default_reset --after hard_reset write_flash -z --flash_mode qio --flash_freq 40m --flash_size detect 0xd000 /Users/baileyblankenship/Documents/Workspace/Embedded/Projects/mgos-timer-test/build/objs/ota_data_initial.bin 0x1000 /Users/baileyblankenship/Documents/Workspace/Embedded/Projects/mgos-timer-test/build/objs/bootloader/bootloader.bin 0x10000 /Users/baileyblankenship/Documents/Workspace/Embedded/Projects/mgos-timer-test/build/objs/mgos-timer-test.bin 0x8000 /Users/baileyblankenship/Documents/Workspace/Embedded/Projects/mgos-timer-test/build/objs/partitions_mgos.bin
make: Leaving directory '/app'
Success, built mgos-timer-test/esp32 version 1.0 (20190922-224608/latest-1-gab030be-master-dirty).
Firmware saved to /Users/baileyblankenship/Documents/Workspace/Embedded/Projects/mgos-timer-test/build/fw.zip
